Partition Merge report for Debug
Wed Oct 01 14:22:48 2014
Quartus II 32-bit Version 13.0.1 Build 232 06/12/2013 Service Pack 1 SJ Web Edition


---------------------
; Table of Contents ;
---------------------
  1. Legal Notice
  2. Partition Merge Summary
  3. Partition Merge Netlist Types Used
  4. Partition Merge Partition Statistics
  5. Partition Merge Resource Usage Summary
  6. Partition Merge Messages



----------------
; Legal Notice ;
----------------
Copyright (C) 1991-2013 Altera Corporation
Your use of Altera Corporation's design tools, logic functions 
and other software and tools, and its AMPP partner logic 
functions, and any output files from any of the foregoing 
(including device programming or simulation files), and any 
associated documentation or information are expressly subject 
to the terms and conditions of the Altera Program License 
Subscription Agreement, Altera MegaCore Function License 
Agreement, or other applicable license agreement, including, 
without limitation, that your use is for the sole purpose of 
programming logic devices manufactured by Altera and sold by 
Altera or its authorized distributors.  Please refer to the 
applicable agreement for further details.



+--------------------------------------------------------------------------------------+
; Partition Merge Summary                                                              ;
+------------------------------------+-------------------------------------------------+
; Partition Merge Status             ; Successful - Wed Oct 01 14:22:48 2014           ;
; Quartus II 32-bit Version          ; 13.0.1 Build 232 06/12/2013 SP 1 SJ Web Edition ;
; Revision Name                      ; Debug                                           ;
; Top-level Entity Name              ; Project2                                        ;
; Family                             ; Cyclone II                                      ;
; Total logic elements               ; 0                                               ;
;     Total combinational functions  ; 0                                               ;
;     Dedicated logic registers      ; 0                                               ;
; Total registers                    ; 0                                               ;
; Total pins                         ; 61                                              ;
; Total virtual pins                 ; 0                                               ;
; Total memory bits                  ; 0                                               ;
; Embedded Multiplier 9-bit elements ; 0                                               ;
; Total PLLs                         ; 0                                               ;
+------------------------------------+-------------------------------------------------+


+-------------------------------------------------------------------------------------------------------------------------------+
; Partition Merge Netlist Types Used                                                                                            ;
+--------------------------------+----------------+-------------------+------------------------+--------------------------------+
; Partition Name                 ; Partition Type ; Netlist Type Used ; Netlist Type Requested ; Partition Contents             ;
+--------------------------------+----------------+-------------------+------------------------+--------------------------------+
; Top                            ; User-created   ; Source File       ; Source File            ;                                ;
; hard_block:auto_generated_inst ; Auto-generated ; Source File       ; Source File            ; hard_block:auto_generated_inst ;
+--------------------------------+----------------+-------------------+------------------------+--------------------------------+


+------------------------------------------------------------------------------------+
; Partition Merge Partition Statistics                                               ;
+---------------------------------------------+-----+--------------------------------+
; Statistic                                   ; Top ; hard_block:auto_generated_inst ;
+---------------------------------------------+-----+--------------------------------+
; Estimated Total logic elements              ; 0   ; 0                              ;
;                                             ;     ;                                ;
; Total combinational functions               ; 0   ; 0                              ;
; Logic element usage by number of LUT inputs ;     ;                                ;
;     -- 4 input functions                    ; 0   ; 0                              ;
;     -- 3 input functions                    ; 0   ; 0                              ;
;     -- <=2 input functions                  ; 0   ; 0                              ;
;                                             ;     ;                                ;
; Logic elements by mode                      ;     ;                                ;
;     -- normal mode                          ; 0   ; 0                              ;
;     -- arithmetic mode                      ; 0   ; 0                              ;
;                                             ;     ;                                ;
; Total registers                             ; 0   ; 0                              ;
;     -- Dedicated logic registers            ; 0   ; 0                              ;
;                                             ;     ;                                ;
; Virtual pins                                ; 0   ; 0                              ;
; I/O pins                                    ; 61  ; 0                              ;
; Embedded Multiplier 9-bit elements          ; 0   ; 0                              ;
; Total memory bits                           ; 0   ; 0                              ;
; Total RAM block bits                        ; 0   ; 0                              ;
;                                             ;     ;                                ;
; Connections                                 ;     ;                                ;
;     -- Input Connections                    ; 0   ; 0                              ;
;     -- Registered Input Connections         ; 0   ; 0                              ;
;     -- Output Connections                   ; 0   ; 0                              ;
;     -- Registered Output Connections        ; 0   ; 0                              ;
;                                             ;     ;                                ;
; Internal Connections                        ;     ;                                ;
;     -- Total Connections                    ; 0   ; 0                              ;
;     -- Registered Connections               ; 0   ; 0                              ;
;                                             ;     ;                                ;
; External Connections                        ;     ;                                ;
;     -- Top                                  ; 0   ; 0                              ;
;     -- hard_block:auto_generated_inst       ; 0   ; 0                              ;
;                                             ;     ;                                ;
; Partition Interface                         ;     ;                                ;
;     -- Input Ports                          ; 15  ; 0                              ;
;     -- Output Ports                         ; 46  ; 0                              ;
;     -- Bidir Ports                          ; 0   ; 0                              ;
;                                             ;     ;                                ;
; Registered Ports                            ;     ;                                ;
;     -- Registered Input Ports               ; 0   ; 0                              ;
;     -- Registered Output Ports              ; 0   ; 0                              ;
;                                             ;     ;                                ;
; Port Connectivity                           ;     ;                                ;
;     -- Input Ports driven by GND            ; 0   ; 0                              ;
;     -- Output Ports driven by GND           ; 0   ; 0                              ;
;     -- Input Ports driven by VCC            ; 0   ; 0                              ;
;     -- Output Ports driven by VCC           ; 0   ; 0                              ;
;     -- Input Ports with no Source           ; 0   ; 0                              ;
;     -- Output Ports with no Source          ; 0   ; 0                              ;
;     -- Input Ports with no Fanout           ; 0   ; 0                              ;
;     -- Output Ports with no Fanout          ; 0   ; 0                              ;
+---------------------------------------------+-----+--------------------------------+
Note: Resource usage numbers presented for Partitions containing post-synthesis logic are estimates.  For Partitions containing post-fit logic, resource usage numbers are accurate based on previous placement information.  Actual Fitter results may vary depending on current Fitter Preservation Level assignments.


+-----------------------------------------------------+
; Partition Merge Resource Usage Summary              ;
+---------------------------------------------+-------+
; Resource                                    ; Usage ;
+---------------------------------------------+-------+
;                                             ;       ;
; Total combinational functions               ; 0     ;
; Logic element usage by number of LUT inputs ;       ;
;     -- 4 input functions                    ; 0     ;
;     -- 3 input functions                    ; 0     ;
;     -- <=2 input functions                  ; 0     ;
;                                             ;       ;
; Logic elements by mode                      ;       ;
;     -- normal mode                          ; 0     ;
;     -- arithmetic mode                      ; 0     ;
;                                             ;       ;
; Total registers                             ; 0     ;
;     -- Dedicated logic registers            ; 0     ;
;     -- I/O registers                        ; 0     ;
;                                             ;       ;
; I/O pins                                    ; 61    ;
; Embedded Multiplier 9-bit elements          ; 0     ;
+---------------------------------------------+-------+


+--------------------------+
; Partition Merge Messages ;
+--------------------------+
Info: *******************************************************************
Info: Running Quartus II 32-bit Partition Merge
    Info: Version 13.0.1 Build 232 06/12/2013 Service Pack 1 SJ Web Edition
    Info: Processing started: Wed Oct 01 14:22:48 2014
Info: Command: quartus_cdb --read_settings_files=off --write_settings_files=off Project2 -c Debug --merge=on
Critical Warning (138067): Current license file does not support incremental compilation. The Quartus II software removes all the user-specified design partitions in the design automatically.
Info (35007): Using synthesis netlist for partition "Top"
Info (35002): Resolved and merged 1 partition(s)
Info (16010): Generating hard_block partition "hard_block:auto_generated_inst"
    Info (16011): Adding 0 node(s), including 0 DDIO, 0 PLL, 0 transceiver and 0 LCELL
Warning (21074): Design contains 15 input pin(s) that do not drive logic
    Warning (15610): No output dependent on input pin "SW[0]"
    Warning (15610): No output dependent on input pin "SW[1]"
    Warning (15610): No output dependent on input pin "SW[2]"
    Warning (15610): No output dependent on input pin "SW[3]"
    Warning (15610): No output dependent on input pin "SW[4]"
    Warning (15610): No output dependent on input pin "SW[5]"
    Warning (15610): No output dependent on input pin "SW[6]"
    Warning (15610): No output dependent on input pin "SW[7]"
    Warning (15610): No output dependent on input pin "SW[8]"
    Warning (15610): No output dependent on input pin "SW[9]"
    Warning (15610): No output dependent on input pin "KEY[0]"
    Warning (15610): No output dependent on input pin "KEY[1]"
    Warning (15610): No output dependent on input pin "KEY[2]"
    Warning (15610): No output dependent on input pin "KEY[3]"
    Warning (15610): No output dependent on input pin "CLOCK_50"
Info (21057): Implemented 61 device resources after synthesis - the final resource count might be different
    Info (21058): Implemented 15 input pins
    Info (21059): Implemented 46 output pins
Info: Quartus II 32-bit Partition Merge was successful. 0 errors, 17 warnings
    Info: Peak virtual memory: 336 megabytes
    Info: Processing ended: Wed Oct 01 14:22:49 2014
    Info: Elapsed time: 00:00:01
    Info: Total CPU time (on all processors): 00:00:01


