Flow report for Project2
Thu Oct 09 18:27:13 2014
Quartus II 32-bit Version 13.0.1 Build 232 06/12/2013 Service Pack 1 SJ Web Edition


---------------------
; Table of Contents ;
---------------------
  1. Legal Notice
  2. Flow Summary
  3. Flow Settings
  4. Flow Non-Default Global Settings
  5. Flow Elapsed Time
  6. Flow OS Summary
  7. Flow Log
  8. Flow Messages
  9. Flow Suppressed Messages



----------------
; Legal Notice ;
----------------
Copyright (C) 1991-2013 Altera Corporation
Your use of Altera Corporation's design tools, logic functions 
and other software and tools, and its AMPP partner logic 
functions, and any output files from any of the foregoing 
(including device programming or simulation files), and any 
associated documentation or information are expressly subject 
to the terms and conditions of the Altera Program License 
Subscription Agreement, Altera MegaCore Function License 
Agreement, or other applicable license agreement, including, 
without limitation, that your use is for the sole purpose of 
programming logic devices manufactured by Altera and sold by 
Altera or its authorized distributors.  Please refer to the 
applicable agreement for further details.



+--------------------------------------------------------------------------------------+
; Flow Summary                                                                         ;
+------------------------------------+-------------------------------------------------+
; Flow Status                        ; Successful - Thu Oct 09 18:27:13 2014           ;
; Quartus II 32-bit Version          ; 13.0.1 Build 232 06/12/2013 SP 1 SJ Web Edition ;
; Revision Name                      ; Project2                                        ;
; Top-level Entity Name              ; Project2                                        ;
; Family                             ; Cyclone II                                      ;
; Device                             ; EP2C20F484C7                                    ;
; Timing Models                      ; Final                                           ;
; Total logic elements               ; 0 / 18,752 ( 0 % )                              ;
;     Total combinational functions  ; 0 / 18,752 ( 0 % )                              ;
;     Dedicated logic registers      ; 0 / 18,752 ( 0 % )                              ;
; Total registers                    ; 0                                               ;
; Total pins                         ; 61 / 315 ( 19 % )                               ;
; Total virtual pins                 ; 0                                               ;
; Total memory bits                  ; 0 / 239,616 ( 0 % )                             ;
; Embedded Multiplier 9-bit elements ; 0 / 52 ( 0 % )                                  ;
; Total PLLs                         ; 0 / 4 ( 0 % )                                   ;
+------------------------------------+-------------------------------------------------+


+-----------------------------------------+
; Flow Settings                           ;
+-------------------+---------------------+
; Option            ; Setting             ;
+-------------------+---------------------+
; Start date & time ; 10/09/2014 18:26:55 ;
; Main task         ; Compilation         ;
; Revision Name     ; Project2            ;
+-------------------+---------------------+


+----------------------------------------------------------------------------------------------------------------------------------+
; Flow Non-Default Global Settings                                                                                                 ;
+---------------------------------------------------+-------------------------------+---------------+-------------+----------------+
; Assignment Name                                   ; Value                         ; Default Value ; Entity Name ; Section Id     ;
+---------------------------------------------------+-------------------------------+---------------+-------------+----------------+
; ADD_PASS_THROUGH_LOGIC_TO_INFERRED_RAMS           ; Off                           ; On            ; --          ; --             ;
; ALLOW_ANY_RAM_SIZE_FOR_RECOGNITION                ; On                            ; Off           ; --          ; --             ;
; ALLOW_ANY_ROM_SIZE_FOR_RECOGNITION                ; On                            ; Off           ; --          ; --             ;
; AUTO_RAM_TO_LCELL_CONVERSION                      ; On                            ; Off           ; --          ; --             ;
; COMPILER_SIGNATURE_ID                             ; 8796758596394.141289361404084 ; --            ; --          ; --             ;
; CYCLONEII_OPTIMIZATION_TECHNIQUE                  ; Speed                         ; Balanced      ; --          ; --             ;
; EDA_OUTPUT_DATA_FORMAT                            ; Verilog Hdl                   ; --            ; --          ; eda_simulation ;
; EDA_SIMULATION_TOOL                               ; ModelSim-Altera (Verilog)     ; <None>        ; --          ; --             ;
; ENABLE_SIGNALTAP                                  ; Off                           ; --            ; --          ; --             ;
; FITTER_EFFORT                                     ; Standard Fit                  ; Auto Fit      ; --          ; --             ;
; IP_TOOL_NAME                                      ; ALTPLL                        ; --            ; --          ; --             ;
; IP_TOOL_VERSION                                   ; 13.0                          ; --            ; --          ; --             ;
; MAX_CORE_JUNCTION_TEMP                            ; 85                            ; --            ; --          ; --             ;
; MIN_CORE_JUNCTION_TEMP                            ; 0                             ; --            ; --          ; --             ;
; MISC_FILE                                         ; Lectures.dpf                  ; --            ; --          ; --             ;
; MISC_FILE                                         ; PLL_inst.v                    ; --            ; --          ; --             ;
; MISC_FILE                                         ; PLL_bb.v                      ; --            ; --          ; --             ;
; MISC_FILE                                         ; PLL.ppf                       ; --            ; --          ; --             ;
; PARTITION_COLOR                                   ; 16764057                      ; --            ; --          ; Top            ;
; PARTITION_FITTER_PRESERVATION_LEVEL               ; PLACEMENT_AND_ROUTING         ; --            ; --          ; Top            ;
; PARTITION_NETLIST_TYPE                            ; SOURCE                        ; --            ; --          ; Top            ;
; PHYSICAL_SYNTHESIS_ASYNCHRONOUS_SIGNAL_PIPELINING ; On                            ; Off           ; --          ; --             ;
; PHYSICAL_SYNTHESIS_COMBO_LOGIC                    ; On                            ; Off           ; --          ; --             ;
; PHYSICAL_SYNTHESIS_EFFORT                         ; Extra                         ; Normal        ; --          ; --             ;
; PHYSICAL_SYNTHESIS_REGISTER_DUPLICATION           ; On                            ; Off           ; --          ; --             ;
; PHYSICAL_SYNTHESIS_REGISTER_RETIMING              ; On                            ; Off           ; --          ; --             ;
; PLACEMENT_EFFORT_MULTIPLIER                       ; 10                            ; 1.0           ; --          ; --             ;
; POWER_AUTO_COMPUTE_TJ                             ; Off                           ; On            ; --          ; --             ;
; POWER_TJ_VALUE                                    ; 85                            ; 25            ; --          ; --             ;
; REMOVE_REDUNDANT_LOGIC_CELLS                      ; On                            ; Off           ; --          ; --             ;
; ROUTER_EFFORT_MULTIPLIER                          ; 10                            ; 1.0           ; --          ; --             ;
; ROUTER_TIMING_OPTIMIZATION_LEVEL                  ; MAXIMUM                       ; Normal        ; --          ; --             ;
; SAVE_DISK_SPACE                                   ; Off                           ; On            ; --          ; --             ;
; SMART_RECOMPILE                                   ; On                            ; Off           ; --          ; --             ;
; SYNTH_TIMING_DRIVEN_SYNTHESIS                     ; On                            ; Off           ; --          ; --             ;
; TIMEQUEST_DO_REPORT_TIMING                        ; On                            ; Off           ; --          ; --             ;
; USE_SIGNALTAP_FILE                                ; Debug.stp                     ; --            ; --          ; --             ;
+---------------------------------------------------+-------------------------------+---------------+-------------+----------------+


+-------------------------------------------------------------------------------------------------------------------------------+
; Flow Elapsed Time                                                                                                             ;
+---------------------------+--------------+-------------------------+---------------------+------------------------------------+
; Module Name               ; Elapsed Time ; Average Processors Used ; Peak Virtual Memory ; Total CPU Time (on all processors) ;
+---------------------------+--------------+-------------------------+---------------------+------------------------------------+
; Analysis & Synthesis      ; 00:00:02     ; 1.0                     ; 343 MB              ; 00:00:02                           ;
; Fitter                    ; 00:00:06     ; 1.0                     ; 449 MB              ; 00:00:05                           ;
; Assembler                 ; 00:00:02     ; 1.0                     ; 347 MB              ; 00:00:02                           ;
; TimeQuest Timing Analyzer ; 00:00:02     ; 1.0                     ; 304 MB              ; 00:00:01                           ;
; EDA Netlist Writer        ; 00:00:01     ; 1.0                     ; 296 MB              ; 00:00:01                           ;
; Total                     ; 00:00:13     ; --                      ; --                  ; 00:00:11                           ;
+---------------------------+--------------+-------------------------+---------------------+------------------------------------+


+----------------------------------------------------------------------------------------+
; Flow OS Summary                                                                        ;
+---------------------------+------------------+-----------+------------+----------------+
; Module Name               ; Machine Hostname ; OS Name   ; OS Version ; Processor type ;
+---------------------------+------------------+-----------+------------+----------------+
; Analysis & Synthesis      ; jspark-PC        ; Windows 7 ; 6.1        ; i686           ;
; Fitter                    ; jspark-PC        ; Windows 7 ; 6.1        ; i686           ;
; Assembler                 ; jspark-PC        ; Windows 7 ; 6.1        ; i686           ;
; TimeQuest Timing Analyzer ; jspark-PC        ; Windows 7 ; 6.1        ; i686           ;
; EDA Netlist Writer        ; jspark-PC        ; Windows 7 ; 6.1        ; i686           ;
+---------------------------+------------------+-----------+------------+----------------+


------------
; Flow Log ;
------------
quartus_map --read_settings_files=on --write_settings_files=off Project2 -c Project2
quartus_fit --read_settings_files=off --write_settings_files=off Project2 -c Project2
quartus_asm --read_settings_files=off --write_settings_files=off Project2 -c Project2
quartus_sta Project2 -c Project2
quartus_eda --read_settings_files=off --write_settings_files=off Project2 -c Project2



