Analysis & Synthesis report for Debug
Tue Dec 02 19:10:11 2014
Quartus II 64-Bit Version 13.0.1 Build 232 06/12/2013 Service Pack 1 SJ Web Edition


---------------------
; Table of Contents ;
---------------------
  1. Legal Notice
  2. Analysis & Synthesis Summary
  3. Analysis & Synthesis Settings
  4. Parallel Compilation
  5. Analysis & Synthesis Source Files Read
  6. Analysis & Synthesis Resource Usage Summary
  7. Analysis & Synthesis Resource Utilization by Entity
  8. Analysis & Synthesis RAM Summary
  9. Registers Removed During Synthesis
 10. General Register Statistics
 11. Inverted Register Statistics
 12. Multiplexer Restructuring Statistics (Restructuring Performed)
 13. Source assignments for DataMemory:dataMem|altsyncram:data_rtl_0|altsyncram_ghc1:auto_generated
 14. Parameter Settings for User Entity Instance: Top-level Entity: |Project5
 15. Parameter Settings for User Entity Instance: ClkDivider:clkdi
 16. Parameter Settings for User Entity Instance: Register:pc
 17. Parameter Settings for User Entity Instance: PcLogic:pcLogic
 18. Parameter Settings for User Entity Instance: Mux4to1:muxPcOut
 19. Parameter Settings for User Entity Instance: Mux2to1:muxIntrPc
 20. Parameter Settings for User Entity Instance: BranchAddrCalculator:bac
 21. Parameter Settings for User Entity Instance: InstMemory:instMem
 22. Parameter Settings for User Entity Instance: Controller:cont
 23. Parameter Settings for User Entity Instance: SignExtension:se
 24. Parameter Settings for User Entity Instance: RegisterFile:regFile
 25. Parameter Settings for User Entity Instance: Mux2to1:muxAluIn
 26. Parameter Settings for User Entity Instance: Alu:alu1
 27. Parameter Settings for User Entity Instance: SystemRegisterFile:systemReg
 28. Parameter Settings for User Entity Instance: DataMemory:dataMem
 29. Parameter Settings for User Entity Instance: Mux4to1:muxMemOut
 30. Parameter Settings for User Entity Instance: IO_controller:ioCtrl|ClkDivider:msClk
 31. Parameter Settings for User Entity Instance: IO_controller:ioCtrl|KeyDevices:key
 32. Parameter Settings for User Entity Instance: IO_controller:ioCtrl|SwitchDevices:switches
 33. Parameter Settings for User Entity Instance: IO_controller:ioCtrl|Timer:timer
 34. Parameter Settings for User Entity Instance: IO_controller:ioCtrl|Ledr:ledR
 35. Parameter Settings for User Entity Instance: IO_controller:ioCtrl|Ledg:ledG
 36. Parameter Settings for User Entity Instance: IO_controller:ioCtrl|Hex:heX
 37. Parameter Settings for Inferred Entity Instance: DataMemory:dataMem|altsyncram:data_rtl_0
 38. altsyncram Parameter Settings by Entity Instance
 39. Port Connectivity Checks: "SystemRegisterFile:systemReg"
 40. Port Connectivity Checks: "PipeLineReg:pipelineregister"
 41. Port Connectivity Checks: "Register:pc"
 42. Elapsed Time Per Partition
 43. Analysis & Synthesis Messages
 44. Analysis & Synthesis Suppressed Messages



----------------
; Legal Notice ;
----------------
Copyright (C) 1991-2013 Altera Corporation
Your use of Altera Corporation's design tools, logic functions 
and other software and tools, and its AMPP partner logic 
functions, and any output files from any of the foregoing 
(including device programming or simulation files), and any 
associated documentation or information are expressly subject 
to the terms and conditions of the Altera Program License 
Subscription Agreement, Altera MegaCore Function License 
Agreement, or other applicable license agreement, including, 
without limitation, that your use is for the sole purpose of 
programming logic devices manufactured by Altera and sold by 
Altera or its authorized distributors.  Please refer to the 
applicable agreement for further details.



+--------------------------------------------------------------------------------------+
; Analysis & Synthesis Summary                                                         ;
+------------------------------------+-------------------------------------------------+
; Analysis & Synthesis Status        ; Successful - Tue Dec 02 19:10:11 2014           ;
; Quartus II 64-Bit Version          ; 13.0.1 Build 232 06/12/2013 SP 1 SJ Web Edition ;
; Revision Name                      ; Debug                                           ;
; Top-level Entity Name              ; Project5                                        ;
; Family                             ; Cyclone II                                      ;
; Total logic elements               ; 3,610                                           ;
;     Total combinational functions  ; 2,655                                           ;
;     Dedicated logic registers      ; 1,397                                           ;
; Total registers                    ; 1397                                            ;
; Total pins                         ; 61                                              ;
; Total virtual pins                 ; 0                                               ;
; Total memory bits                  ; 65,536                                          ;
; Embedded Multiplier 9-bit elements ; 0                                               ;
; Total PLLs                         ; 0                                               ;
+------------------------------------+-------------------------------------------------+


+----------------------------------------------------------------------------------------------------------------------+
; Analysis & Synthesis Settings                                                                                        ;
+----------------------------------------------------------------------------+--------------------+--------------------+
; Option                                                                     ; Setting            ; Default Value      ;
+----------------------------------------------------------------------------+--------------------+--------------------+
; Device                                                                     ; EP2C20F484C7       ;                    ;
; Top-level entity name                                                      ; Project5           ; Debug              ;
; Family name                                                                ; Cyclone II         ; Cyclone IV GX      ;
; Use smart compilation                                                      ; On                 ; Off                ;
; Preserve fewer node names                                                  ; Off                ; On                 ;
; Add Pass-Through Logic to Inferred RAMs                                    ; Off                ; On                 ;
; Power-Up Don't Care                                                        ; Off                ; On                 ;
; Remove Redundant Logic Cells                                               ; On                 ; Off                ;
; Auto RAM to Logic Cell Conversion                                          ; On                 ; Off                ;
; Allow Any RAM Size For Recognition                                         ; On                 ; Off                ;
; Allow Any ROM Size For Recognition                                         ; On                 ; Off                ;
; Enable parallel Assembler and TimeQuest Timing Analyzer during compilation ; On                 ; On                 ;
; Enable compact report table                                                ; Off                ; Off                ;
; Restructure Multiplexers                                                   ; Auto               ; Auto               ;
; Create Debugging Nodes for IP Cores                                        ; Off                ; Off                ;
; Disable OpenCore Plus hardware evaluation                                  ; Off                ; Off                ;
; Verilog Version                                                            ; Verilog_2001       ; Verilog_2001       ;
; VHDL Version                                                               ; VHDL_1993          ; VHDL_1993          ;
; State Machine Processing                                                   ; Auto               ; Auto               ;
; Safe State Machine                                                         ; Off                ; Off                ;
; Extract Verilog State Machines                                             ; On                 ; On                 ;
; Extract VHDL State Machines                                                ; On                 ; On                 ;
; Ignore Verilog initial constructs                                          ; Off                ; Off                ;
; Iteration limit for constant Verilog loops                                 ; 5000               ; 5000               ;
; Iteration limit for non-constant Verilog loops                             ; 250                ; 250                ;
; Infer RAMs from Raw Logic                                                  ; On                 ; On                 ;
; Parallel Synthesis                                                         ; On                 ; On                 ;
; DSP Block Balancing                                                        ; Auto               ; Auto               ;
; NOT Gate Push-Back                                                         ; On                 ; On                 ;
; Remove Duplicate Registers                                                 ; On                 ; On                 ;
; Ignore CARRY Buffers                                                       ; Off                ; Off                ;
; Ignore CASCADE Buffers                                                     ; Off                ; Off                ;
; Ignore GLOBAL Buffers                                                      ; Off                ; Off                ;
; Ignore ROW GLOBAL Buffers                                                  ; Off                ; Off                ;
; Ignore LCELL Buffers                                                       ; Off                ; Off                ;
; Ignore SOFT Buffers                                                        ; On                 ; On                 ;
; Limit AHDL Integers to 32 Bits                                             ; Off                ; Off                ;
; Optimization Technique                                                     ; Balanced           ; Balanced           ;
; Carry Chain Length                                                         ; 70                 ; 70                 ;
; Auto Carry Chains                                                          ; On                 ; On                 ;
; Auto Open-Drain Pins                                                       ; On                 ; On                 ;
; Perform WYSIWYG Primitive Resynthesis                                      ; Off                ; Off                ;
; Auto ROM Replacement                                                       ; On                 ; On                 ;
; Auto RAM Replacement                                                       ; On                 ; On                 ;
; Auto Shift Register Replacement                                            ; Auto               ; Auto               ;
; Allow Shift Register Merging across Hierarchies                            ; Auto               ; Auto               ;
; Auto Clock Enable Replacement                                              ; On                 ; On                 ;
; Strict RAM Replacement                                                     ; Off                ; Off                ;
; Allow Synchronous Control Signals                                          ; On                 ; On                 ;
; Force Use of Synchronous Clear Signals                                     ; Off                ; Off                ;
; Auto Resource Sharing                                                      ; Off                ; Off                ;
; Allow Any Shift Register Size For Recognition                              ; Off                ; Off                ;
; Use LogicLock Constraints during Resource Balancing                        ; On                 ; On                 ;
; Ignore translate_off and synthesis_off directives                          ; Off                ; Off                ;
; Timing-Driven Synthesis                                                    ; Off                ; Off                ;
; Report Parameter Settings                                                  ; On                 ; On                 ;
; Report Source Assignments                                                  ; On                 ; On                 ;
; Report Connectivity Checks                                                 ; On                 ; On                 ;
; Ignore Maximum Fan-Out Assignments                                         ; Off                ; Off                ;
; Synchronization Register Chain Length                                      ; 2                  ; 2                  ;
; PowerPlay Power Optimization                                               ; Normal compilation ; Normal compilation ;
; HDL message level                                                          ; Level2             ; Level2             ;
; Suppress Register Optimization Related Messages                            ; Off                ; Off                ;
; Number of Removed Registers Reported in Synthesis Report                   ; 5000               ; 5000               ;
; Number of Swept Nodes Reported in Synthesis Report                         ; 5000               ; 5000               ;
; Number of Inverted Registers Reported in Synthesis Report                  ; 100                ; 100                ;
; Clock MUX Protection                                                       ; On                 ; On                 ;
; Auto Gated Clock Conversion                                                ; Off                ; Off                ;
; Block Design Naming                                                        ; Auto               ; Auto               ;
; SDC constraint protection                                                  ; Off                ; Off                ;
; Synthesis Effort                                                           ; Auto               ; Auto               ;
; Shift Register Replacement - Allow Asynchronous Clear Signal               ; On                 ; On                 ;
; Pre-Mapping Resynthesis Optimization                                       ; Off                ; Off                ;
; Analysis & Synthesis Message Level                                         ; Medium             ; Medium             ;
; Disable Register Merging Across Hierarchies                                ; Auto               ; Auto               ;
; Resource Aware Inference For Block RAM                                     ; On                 ; On                 ;
; Synthesis Seed                                                             ; 1                  ; 1                  ;
+----------------------------------------------------------------------------+--------------------+--------------------+


Parallel compilation was disabled, but you have multiple processors available. Enable parallel compilation to reduce compilation time.
+-------------------------------------+
; Parallel Compilation                ;
+----------------------------+--------+
; Processors                 ; Number ;
+----------------------------+--------+
; Number detected on machine ; 8      ;
; Maximum allowed            ; 1      ;
+----------------------------+--------+


+-----------------------------------------------------------------------------------------------------------------------------------------------------------------------+
; Analysis & Synthesis Source Files Read                                                                                                                                ;
+----------------------------------+-----------------+------------------------------+-------------------------------------------------------------------------+---------+
; File Name with User-Entered Path ; Used in Netlist ; File Type                    ; File Name with Absolute Path                                            ; Library ;
+----------------------------------+-----------------+------------------------------+-------------------------------------------------------------------------+---------+
; Project5.v                       ; yes             ; User Verilog HDL File        ; X:/Repos/CS3220/Project 5/Quartus/Project5.v                            ;         ;
; TimerDevice.v                    ; yes             ; User Verilog HDL File        ; X:/Repos/CS3220/Project 5/Quartus/TimerDevice.v                         ;         ;
; PcLogic.v                        ; yes             ; User Verilog HDL File        ; X:/Repos/CS3220/Project 5/Quartus/PcLogic.v                             ;         ;
; Alu.v                            ; yes             ; User Verilog HDL File        ; X:/Repos/CS3220/Project 5/Quartus/Alu.v                                 ;         ;
; InstMemory.v                     ; yes             ; User Verilog HDL File        ; X:/Repos/CS3220/Project 5/Quartus/InstMemory.v                          ;         ;
; Register.v                       ; yes             ; User Verilog HDL File        ; X:/Repos/CS3220/Project 5/Quartus/Register.v                            ;         ;
; SevenSeg.v                       ; yes             ; User Verilog HDL File        ; X:/Repos/CS3220/Project 5/Quartus/SevenSeg.v                            ;         ;
; SignExtension.v                  ; yes             ; User Verilog HDL File        ; X:/Repos/CS3220/Project 5/Quartus/SignExtension.v                       ;         ;
; Controller.v                     ; yes             ; User Verilog HDL File        ; X:/Repos/CS3220/Project 5/Quartus/Controller.v                          ;         ;
; Mux2to1.v                        ; yes             ; User Verilog HDL File        ; X:/Repos/CS3220/Project 5/Quartus/Mux2to1.v                             ;         ;
; RegisterFile.v                   ; yes             ; User Verilog HDL File        ; X:/Repos/CS3220/Project 5/Quartus/RegisterFile.v                        ;         ;
; DataMemory.v                     ; yes             ; User Verilog HDL File        ; X:/Repos/CS3220/Project 5/Quartus/DataMemory.v                          ;         ;
; BranchAddrCalculator.v           ; yes             ; User Verilog HDL File        ; X:/Repos/CS3220/Project 5/Quartus/BranchAddrCalculator.v                ;         ;
; Mux4to1.v                        ; yes             ; User Verilog HDL File        ; X:/Repos/CS3220/Project 5/Quartus/Mux4to1.v                             ;         ;
; PipeLineReg.v                    ; yes             ; User Verilog HDL File        ; X:/Repos/CS3220/Project 5/Quartus/PipeLineReg.v                         ;         ;
; Bubbler.v                        ; yes             ; User Verilog HDL File        ; X:/Repos/CS3220/Project 5/Quartus/Bubbler.v                             ;         ;
; KeyDevices.v                     ; yes             ; User Verilog HDL File        ; X:/Repos/CS3220/Project 5/Quartus/KeyDevices.v                          ;         ;
; LEDandHEXDevices.v               ; yes             ; User Verilog HDL File        ; X:/Repos/CS3220/Project 5/Quartus/LEDandHEXDevices.v                    ;         ;
; SwitchDevices.v                  ; yes             ; User Verilog HDL File        ; X:/Repos/CS3220/Project 5/Quartus/SwitchDevices.v                       ;         ;
; SystemRegisterFile.v             ; yes             ; User Verilog HDL File        ; X:/Repos/CS3220/Project 5/Quartus/SystemRegisterFile.v                  ;         ;
; altsyncram.tdf                   ; yes             ; Megafunction                 ; x:/altera/13.0sp1/quartus/libraries/megafunctions/altsyncram.tdf        ;         ;
; stratix_ram_block.inc            ; yes             ; Megafunction                 ; x:/altera/13.0sp1/quartus/libraries/megafunctions/stratix_ram_block.inc ;         ;
; lpm_mux.inc                      ; yes             ; Megafunction                 ; x:/altera/13.0sp1/quartus/libraries/megafunctions/lpm_mux.inc           ;         ;
; lpm_decode.inc                   ; yes             ; Megafunction                 ; x:/altera/13.0sp1/quartus/libraries/megafunctions/lpm_decode.inc        ;         ;
; aglobal130.inc                   ; yes             ; Megafunction                 ; x:/altera/13.0sp1/quartus/libraries/megafunctions/aglobal130.inc        ;         ;
; a_rdenreg.inc                    ; yes             ; Megafunction                 ; x:/altera/13.0sp1/quartus/libraries/megafunctions/a_rdenreg.inc         ;         ;
; altrom.inc                       ; yes             ; Megafunction                 ; x:/altera/13.0sp1/quartus/libraries/megafunctions/altrom.inc            ;         ;
; altram.inc                       ; yes             ; Megafunction                 ; x:/altera/13.0sp1/quartus/libraries/megafunctions/altram.inc            ;         ;
; altdpram.inc                     ; yes             ; Megafunction                 ; x:/altera/13.0sp1/quartus/libraries/megafunctions/altdpram.inc          ;         ;
; db/altsyncram_ghc1.tdf           ; yes             ; Auto-Generated Megafunction  ; X:/Repos/CS3220/Project 5/Quartus/db/altsyncram_ghc1.tdf                ;         ;
+----------------------------------+-----------------+------------------------------+-------------------------------------------------------------------------+---------+


+-----------------------------------------------------------------------+
; Analysis & Synthesis Resource Usage Summary                           ;
+---------------------------------------------+-------------------------+
; Resource                                    ; Usage                   ;
+---------------------------------------------+-------------------------+
; Estimated Total logic elements              ; 3,610                   ;
;                                             ;                         ;
; Total combinational functions               ; 2655                    ;
; Logic element usage by number of LUT inputs ;                         ;
;     -- 4 input functions                    ; 1791                    ;
;     -- 3 input functions                    ; 454                     ;
;     -- <=2 input functions                  ; 410                     ;
;                                             ;                         ;
; Logic elements by mode                      ;                         ;
;     -- normal mode                          ; 2317                    ;
;     -- arithmetic mode                      ; 338                     ;
;                                             ;                         ;
; Total registers                             ; 1397                    ;
;     -- Dedicated logic registers            ; 1397                    ;
;     -- I/O registers                        ; 0                       ;
;                                             ;                         ;
; I/O pins                                    ; 61                      ;
; Total memory bits                           ; 65536                   ;
; Embedded Multiplier 9-bit elements          ; 0                       ;
; Maximum fan-out node                        ; ClkDivider:clkdi|clkReg ;
; Maximum fan-out                             ; 1202                    ;
; Total fan-out                               ; 14216                   ;
; Average fan-out                             ; 3.43                    ;
+---------------------------------------------+-------------------------+


+----------------------------------------------------------------------------------------------------------------------------------------------------------------------------------------------------------------------------------------------------------+
; Analysis & Synthesis Resource Utilization by Entity                                                                                                                                                                                                      ;
+-------------------------------------------+-------------------+--------------+-------------+--------------+---------+-----------+------+--------------+-----------------------------------------------------------------------------------+--------------+
; Compilation Hierarchy Node                ; LC Combinationals ; LC Registers ; Memory Bits ; DSP Elements ; DSP 9x9 ; DSP 18x18 ; Pins ; Virtual Pins ; Full Hierarchy Name                                                               ; Library Name ;
+-------------------------------------------+-------------------+--------------+-------------+--------------+---------+-----------+------+--------------+-----------------------------------------------------------------------------------+--------------+
; |Project5                                 ; 2655 (22)         ; 1397 (0)     ; 65536       ; 0            ; 0       ; 0         ; 61   ; 0            ; |Project5                                                                         ; work         ;
;    |Alu:alu1|                             ; 373 (373)         ; 0 (0)        ; 0           ; 0            ; 0       ; 0         ; 0    ; 0            ; |Project5|Alu:alu1                                                                ; work         ;
;    |BranchAddrCalculator:bac|             ; 30 (30)           ; 0 (0)        ; 0           ; 0            ; 0       ; 0         ; 0    ; 0            ; |Project5|BranchAddrCalculator:bac                                                ; work         ;
;    |Bubbler:bubbler|                      ; 6 (6)             ; 0 (0)        ; 0           ; 0            ; 0       ; 0         ; 0    ; 0            ; |Project5|Bubbler:bubbler                                                         ; work         ;
;    |ClkDivider:clkdi|                     ; 53 (53)           ; 33 (33)      ; 0           ; 0            ; 0       ; 0         ; 0    ; 0            ; |Project5|ClkDivider:clkdi                                                        ; work         ;
;    |Controller:cont|                      ; 95 (95)           ; 0 (0)        ; 0           ; 0            ; 0       ; 0         ; 0    ; 0            ; |Project5|Controller:cont                                                         ; work         ;
;    |DataMemory:dataMem|                   ; 2 (2)             ; 0 (0)        ; 65536       ; 0            ; 0       ; 0         ; 0    ; 0            ; |Project5|DataMemory:dataMem                                                      ; work         ;
;       |altsyncram:data_rtl_0|             ; 0 (0)             ; 0 (0)        ; 65536       ; 0            ; 0       ; 0         ; 0    ; 0            ; |Project5|DataMemory:dataMem|altsyncram:data_rtl_0                                ; work         ;
;          |altsyncram_ghc1:auto_generated| ; 0 (0)             ; 0 (0)        ; 65536       ; 0            ; 0       ; 0         ; 0    ; 0            ; |Project5|DataMemory:dataMem|altsyncram:data_rtl_0|altsyncram_ghc1:auto_generated ; work         ;
;    |IO_controller:ioCtrl|                 ; 589 (2)           ; 195 (0)      ; 0           ; 0            ; 0       ; 0         ; 0    ; 0            ; |Project5|IO_controller:ioCtrl                                                    ; work         ;
;       |ClkDivider:msClk|                  ; 51 (51)           ; 33 (33)      ; 0           ; 0            ; 0       ; 0         ; 0    ; 0            ; |Project5|IO_controller:ioCtrl|ClkDivider:msClk                                   ; work         ;
;       |Hex:heX|                           ; 48 (20)           ; 16 (16)      ; 0           ; 0            ; 0       ; 0         ; 0    ; 0            ; |Project5|IO_controller:ioCtrl|Hex:heX                                            ; work         ;
;          |SevenSeg:hex0Converter|         ; 7 (7)             ; 0 (0)        ; 0           ; 0            ; 0       ; 0         ; 0    ; 0            ; |Project5|IO_controller:ioCtrl|Hex:heX|SevenSeg:hex0Converter                     ; work         ;
;          |SevenSeg:hex1Converter|         ; 7 (7)             ; 0 (0)        ; 0           ; 0            ; 0       ; 0         ; 0    ; 0            ; |Project5|IO_controller:ioCtrl|Hex:heX|SevenSeg:hex1Converter                     ; work         ;
;          |SevenSeg:hex2Converter|         ; 7 (7)             ; 0 (0)        ; 0           ; 0            ; 0       ; 0         ; 0    ; 0            ; |Project5|IO_controller:ioCtrl|Hex:heX|SevenSeg:hex2Converter                     ; work         ;
;          |SevenSeg:hex3Converter|         ; 7 (7)             ; 0 (0)        ; 0           ; 0            ; 0       ; 0         ; 0    ; 0            ; |Project5|IO_controller:ioCtrl|Hex:heX|SevenSeg:hex3Converter                     ; work         ;
;       |KeyDevices:key|                    ; 108 (108)         ; 6 (6)        ; 0           ; 0            ; 0       ; 0         ; 0    ; 0            ; |Project5|IO_controller:ioCtrl|KeyDevices:key                                     ; work         ;
;       |Ledg:ledG|                         ; 9 (9)             ; 8 (8)        ; 0           ; 0            ; 0       ; 0         ; 0    ; 0            ; |Project5|IO_controller:ioCtrl|Ledg:ledG                                          ; work         ;
;       |Ledr:ledR|                         ; 13 (13)           ; 10 (10)      ; 0           ; 0            ; 0       ; 0         ; 0    ; 0            ; |Project5|IO_controller:ioCtrl|Ledr:ledR                                          ; work         ;
;       |SwitchDevices:switches|            ; 88 (88)           ; 56 (56)      ; 0           ; 0            ; 0       ; 0         ; 0    ; 0            ; |Project5|IO_controller:ioCtrl|SwitchDevices:switches                             ; work         ;
;       |Timer:timer|                       ; 270 (270)         ; 66 (66)      ; 0           ; 0            ; 0       ; 0         ; 0    ; 0            ; |Project5|IO_controller:ioCtrl|Timer:timer                                        ; work         ;
;    |InstMemory:instMem|                   ; 120 (120)         ; 0 (0)        ; 0           ; 0            ; 0       ; 0         ; 0    ; 0            ; |Project5|InstMemory:instMem                                                      ; work         ;
;    |Mux2to1:muxAluIn|                     ; 34 (34)           ; 0 (0)        ; 0           ; 0            ; 0       ; 0         ; 0    ; 0            ; |Project5|Mux2to1:muxAluIn                                                        ; work         ;
;    |Mux4to1:muxMemOut|                    ; 384 (384)         ; 0 (0)        ; 0           ; 0            ; 0       ; 0         ; 0    ; 0            ; |Project5|Mux4to1:muxMemOut                                                       ; work         ;
;    |PcLogic:pcLogic|                      ; 30 (30)           ; 0 (0)        ; 0           ; 0            ; 0       ; 0         ; 0    ; 0            ; |Project5|PcLogic:pcLogic                                                         ; work         ;
;    |PipeLineReg:pipelineregister|         ; 116 (116)         ; 113 (113)    ; 0           ; 0            ; 0       ; 0         ; 0    ; 0            ; |Project5|PipeLineReg:pipelineregister                                            ; work         ;
;    |Register:pc|                          ; 37 (37)           ; 32 (32)      ; 0           ; 0            ; 0       ; 0         ; 0    ; 0            ; |Project5|Register:pc                                                             ; work         ;
;    |RegisterFile:regFile|                 ; 662 (662)         ; 512 (512)    ; 0           ; 0            ; 0       ; 0         ; 0    ; 0            ; |Project5|RegisterFile:regFile                                                    ; work         ;
;    |SystemRegisterFile:systemReg|         ; 102 (102)         ; 512 (512)    ; 0           ; 0            ; 0       ; 0         ; 0    ; 0            ; |Project5|SystemRegisterFile:systemReg                                            ; work         ;
+-------------------------------------------+-------------------+--------------+-------------+--------------+---------+-----------+------+--------------+-----------------------------------------------------------------------------------+--------------+
Note: For table entries with two numbers listed, the numbers in parentheses indicate the number of resources of the given type used by the specific entity alone. The numbers listed outside of parentheses indicate the total resources of the given type used by the specific entity and all of its sub-entities in the hierarchy.


+-----------------------------------------------------------------------------------------------------------------------------------------------------------------------------------------+
; Analysis & Synthesis RAM Summary                                                                                                                                                        ;
+------------------------------------------------------------------------------------+------+------------------+--------------+--------------+--------------+--------------+-------+------+
; Name                                                                               ; Type ; Mode             ; Port A Depth ; Port A Width ; Port B Depth ; Port B Width ; Size  ; MIF  ;
+------------------------------------------------------------------------------------+------+------------------+--------------+--------------+--------------+--------------+-------+------+
; DataMemory:dataMem|altsyncram:data_rtl_0|altsyncram_ghc1:auto_generated|ALTSYNCRAM ; AUTO ; Simple Dual Port ; 2048         ; 32           ; 2048         ; 32           ; 65536 ; None ;
+------------------------------------------------------------------------------------+------+------------------+--------------+--------------+--------------+--------------+-------+------+


+------------------------------------------------------------------------------------------------------------------------------------+
; Registers Removed During Synthesis                                                                                                 ;
+------------------------------------------------------------+-----------------------------------------------------------------------+
; Register name                                              ; Reason for Removal                                                    ;
+------------------------------------------------------------+-----------------------------------------------------------------------+
; IO_controller:ioCtrl|SwitchDevices:switches|swctrl[1,3..7] ; Stuck at GND due to stuck port data_in                                ;
; IO_controller:ioCtrl|KeyDevices:key|kctrl[1,3..7]          ; Stuck at GND due to stuck port data_in                                ;
; IO_controller:ioCtrl|KeyDevices:key|kdata[0]               ; Stuck at GND due to stuck port data_in                                ;
; IO_controller:ioCtrl|KeyDevices:key|oneTimeKInit           ; Merged with IO_controller:ioCtrl|SwitchDevices:switches|oneTimeSwInit ;
; RegisterFile:regFile|data~512                              ; Lost fanout                                                           ;
; RegisterFile:regFile|data~513                              ; Lost fanout                                                           ;
; RegisterFile:regFile|data~514                              ; Lost fanout                                                           ;
; RegisterFile:regFile|data~515                              ; Lost fanout                                                           ;
; RegisterFile:regFile|data~516                              ; Lost fanout                                                           ;
; RegisterFile:regFile|data~517                              ; Lost fanout                                                           ;
; RegisterFile:regFile|data~518                              ; Lost fanout                                                           ;
; RegisterFile:regFile|data~519                              ; Lost fanout                                                           ;
; RegisterFile:regFile|data~520                              ; Lost fanout                                                           ;
; RegisterFile:regFile|data~521                              ; Lost fanout                                                           ;
; RegisterFile:regFile|data~522                              ; Lost fanout                                                           ;
; RegisterFile:regFile|data~523                              ; Lost fanout                                                           ;
; RegisterFile:regFile|data~524                              ; Lost fanout                                                           ;
; RegisterFile:regFile|data~525                              ; Lost fanout                                                           ;
; RegisterFile:regFile|data~526                              ; Lost fanout                                                           ;
; RegisterFile:regFile|data~527                              ; Lost fanout                                                           ;
; RegisterFile:regFile|data~528                              ; Lost fanout                                                           ;
; RegisterFile:regFile|data~529                              ; Lost fanout                                                           ;
; RegisterFile:regFile|data~530                              ; Lost fanout                                                           ;
; RegisterFile:regFile|data~531                              ; Lost fanout                                                           ;
; RegisterFile:regFile|data~532                              ; Lost fanout                                                           ;
; RegisterFile:regFile|data~533                              ; Lost fanout                                                           ;
; RegisterFile:regFile|data~534                              ; Lost fanout                                                           ;
; RegisterFile:regFile|data~535                              ; Lost fanout                                                           ;
; RegisterFile:regFile|data~536                              ; Lost fanout                                                           ;
; RegisterFile:regFile|data~537                              ; Lost fanout                                                           ;
; RegisterFile:regFile|data~538                              ; Lost fanout                                                           ;
; RegisterFile:regFile|data~539                              ; Lost fanout                                                           ;
; RegisterFile:regFile|data~540                              ; Lost fanout                                                           ;
; RegisterFile:regFile|data~541                              ; Lost fanout                                                           ;
; RegisterFile:regFile|data~542                              ; Lost fanout                                                           ;
; RegisterFile:regFile|data~543                              ; Lost fanout                                                           ;
; Total Number of Removed Registers = 46                     ;                                                                       ;
+------------------------------------------------------------+-----------------------------------------------------------------------+


+------------------------------------------------------+
; General Register Statistics                          ;
+----------------------------------------------+-------+
; Statistic                                    ; Value ;
+----------------------------------------------+-------+
; Total registers                              ; 1397  ;
; Number of registers using Synchronous Clear  ; 70    ;
; Number of registers using Synchronous Load   ; 30    ;
; Number of registers using Asynchronous Clear ; 0     ;
; Number of registers using Asynchronous Load  ; 0     ;
; Number of registers using Clock Enable       ; 1106  ;
; Number of registers using Preset             ; 0     ;
+----------------------------------------------+-------+


+---------------------------------------------------------------------+
; Inverted Register Statistics                                        ;
+-----------------------------------------------------------+---------+
; Inverted Register                                         ; Fan out ;
+-----------------------------------------------------------+---------+
; IO_controller:ioCtrl|SwitchDevices:switches|oneTimeSwInit ; 17      ;
; Register:pc|dataOut[6]                                    ; 52      ;
; Total number of inverted registers = 2                    ;         ;
+-----------------------------------------------------------+---------+


+-----------------------------------------------------------------------------------------------------------------------------------------------------------------------------------+
; Multiplexer Restructuring Statistics (Restructuring Performed)                                                                                                                    ;
+--------------------+-----------+---------------+----------------------+------------------------+------------+---------------------------------------------------------------------+
; Multiplexer Inputs ; Bus Width ; Baseline Area ; Area if Restructured ; Saving if Restructured ; Registered ; Example Multiplexer Output                                          ;
+--------------------+-----------+---------------+----------------------+------------------------+------------+---------------------------------------------------------------------+
; 3:1                ; 4 bits    ; 8 LEs         ; 4 LEs                ; 4 LEs                  ; Yes        ; |Project5|PipeLineReg:pipelineregister|destRegOut[2]                ;
; 3:1                ; 10 bits   ; 20 LEs        ; 0 LEs                ; 20 LEs                 ; Yes        ; |Project5|IO_controller:ioCtrl|SwitchDevices:switches|swdebounce[9] ;
; 3:1                ; 33 bits   ; 66 LEs        ; 33 LEs               ; 33 LEs                 ; Yes        ; |Project5|IO_controller:ioCtrl|Timer:timer|tcnt[21]                 ;
; 4:1                ; 28 bits   ; 56 LEs        ; 28 LEs               ; 28 LEs                 ; Yes        ; |Project5|SystemRegisterFile:systemReg|data[3][4]                   ;
; 4:1                ; 3 bits    ; 6 LEs         ; 3 LEs                ; 3 LEs                  ; Yes        ; |Project5|SystemRegisterFile:systemReg|data[3][1]                   ;
; 4:1                ; 2 bits    ; 4 LEs         ; 2 LEs                ; 2 LEs                  ; Yes        ; |Project5|Register:pc|dataOut[0]                                    ;
; 6:1                ; 29 bits   ; 116 LEs       ; 58 LEs               ; 58 LEs                 ; Yes        ; |Project5|Register:pc|dataOut[21]                                   ;
; 5:1                ; 32 bits   ; 96 LEs        ; 32 LEs               ; 64 LEs                 ; Yes        ; |Project5|SystemRegisterFile:systemReg|data[2][11]                  ;
; 5:1                ; 32 bits   ; 96 LEs        ; 32 LEs               ; 64 LEs                 ; Yes        ; |Project5|IO_controller:ioCtrl|SwitchDevices:switches|swcounter[9]  ;
; 5:1                ; 10 bits   ; 30 LEs        ; 10 LEs               ; 20 LEs                 ; Yes        ; |Project5|IO_controller:ioCtrl|SwitchDevices:switches|swdata[1]     ;
; 3:1                ; 10 bits   ; 20 LEs        ; 20 LEs               ; 0 LEs                  ; Yes        ; |Project5|IO_controller:ioCtrl|Ledr:ledR|rledrOut[2]                ;
; 3:1                ; 8 bits    ; 16 LEs        ; 16 LEs               ; 0 LEs                  ; Yes        ; |Project5|IO_controller:ioCtrl|Ledg:ledG|rledgOut[6]                ;
; 3:1                ; 16 bits   ; 32 LEs        ; 32 LEs               ; 0 LEs                  ; Yes        ; |Project5|IO_controller:ioCtrl|Hex:heX|rhexOut[11]                  ;
; 3:1                ; 30 bits   ; 60 LEs        ; 60 LEs               ; 0 LEs                  ; No         ; |Project5|IO_controller:ioCtrl|Timer:timer|dBus[28]                 ;
; 3:1                ; 2 bits    ; 4 LEs         ; 4 LEs                ; 0 LEs                  ; No         ; |Project5|IO_controller:ioCtrl|Timer:timer|dBus[0]                  ;
; 3:1                ; 32 bits   ; 64 LEs        ; 32 LEs               ; 32 LEs                 ; No         ; |Project5|IO_controller:ioCtrl|Timer:timer|tlim                     ;
; 3:1                ; 6 bits    ; 12 LEs        ; 12 LEs               ; 0 LEs                  ; No         ; |Project5|Controller:cont|Selector16                                ;
; 3:1                ; 3 bits    ; 6 LEs         ; 6 LEs                ; 0 LEs                  ; No         ; |Project5|Controller:cont|Selector0                                 ;
; 4:1                ; 2 bits    ; 4 LEs         ; 4 LEs                ; 0 LEs                  ; No         ; |Project5|Controller:cont|Selector11                                ;
; 32:1               ; 15 bits   ; 315 LEs       ; 75 LEs               ; 240 LEs                ; No         ; |Project5|Alu:alu1|Mux28                                            ;
; 5:1                ; 2 bits    ; 6 LEs         ; 4 LEs                ; 2 LEs                  ; No         ; |Project5|Controller:cont|Selector18                                ;
; 19:1               ; 32 bits   ; 384 LEs       ; 384 LEs              ; 0 LEs                  ; No         ; |Project5|Mux4to1:muxMemOut|Mux0                                    ;
; 5:1                ; 2 bits    ; 6 LEs         ; 6 LEs                ; 0 LEs                  ; No         ; |Project5|Controller:cont|Selector9                                 ;
; 8:1                ; 4 bits    ; 20 LEs        ; 12 LEs               ; 8 LEs                  ; No         ; |Project5|Controller:cont|Selector7                                 ;
; 8:1                ; 4 bits    ; 20 LEs        ; 12 LEs               ; 8 LEs                  ; No         ; |Project5|Controller:cont|Selector3                                 ;
; 7:1                ; 2 bits    ; 8 LEs         ; 6 LEs                ; 2 LEs                  ; No         ; |Project5|Controller:cont|Selector20                                ;
; 20:1               ; 16 bits   ; 208 LEs       ; 112 LEs              ; 96 LEs                 ; No         ; |Project5|Alu:alu1|Mux5                                             ;
+--------------------+-----------+---------------+----------------------+------------------------+------------+---------------------------------------------------------------------+


+------------------------------------------------------------------------------------------------+
; Source assignments for DataMemory:dataMem|altsyncram:data_rtl_0|altsyncram_ghc1:auto_generated ;
+---------------------------------+--------------------+------+----------------------------------+
; Assignment                      ; Value              ; From ; To                               ;
+---------------------------------+--------------------+------+----------------------------------+
; OPTIMIZE_POWER_DURING_SYNTHESIS ; NORMAL_COMPILATION ; -    ; -                                ;
+---------------------------------+--------------------+------+----------------------------------+


+--------------------------------------------------------------------------+
; Parameter Settings for User Entity Instance: Top-level Entity: |Project5 ;
+---------------------+----------------------------------+-----------------+
; Parameter Name      ; Value                            ; Type            ;
+---------------------+----------------------------------+-----------------+
; DBITS               ; 32                               ; Signed Integer  ;
; INST_SIZE           ; 00000000000000000000000000000100 ; Unsigned Binary ;
; INST_BIT_WIDTH      ; 32                               ; Signed Integer  ;
; START_PC            ; 00000000000000000000000001000000 ; Unsigned Binary ;
; REG_INDEX_BIT_WIDTH ; 4                                ; Signed Integer  ;
; ADDR_KEY            ; 11110000000000000000000000010000 ; Unsigned Binary ;
; ADDR_SW             ; 11110000000000000000000000010100 ; Unsigned Binary ;
; ADDR_HEX            ; 11110000000000000000000000000000 ; Unsigned Binary ;
; ADDR_LEDR           ; 11110000000000000000000000000100 ; Unsigned Binary ;
; ADDR_LEDG           ; 11110000000000000000000000001000 ; Unsigned Binary ;
; IMEM_INIT_FILE      ; Int_Test.mif                     ; String          ;
; IMEM_ADDR_BIT_WIDTH ; 11                               ; Signed Integer  ;
; IMEM_DATA_BIT_WIDTH ; 32                               ; Signed Integer  ;
; IMEM_PC_BITS_HI     ; 13                               ; Signed Integer  ;
; IMEM_PC_BITS_LO     ; 2                                ; Signed Integer  ;
; DMEM_ADDR_BIT_WIDTH ; 11                               ; Signed Integer  ;
; DMEM_DATA_BIT_WIDTH ; 32                               ; Signed Integer  ;
; DMEM_ADDR_BITS_HI   ; 13                               ; Signed Integer  ;
; DMEM_ADDR_BITS_LO   ; 2                                ; Signed Integer  ;
; OP1_ALUR            ; 0000                             ; Unsigned Binary ;
; OP1_ALUI            ; 1000                             ; Unsigned Binary ;
; OP1_CMPR            ; 0010                             ; Unsigned Binary ;
; OP1_CMPI            ; 1010                             ; Unsigned Binary ;
; OP1_BCOND           ; 0110                             ; Unsigned Binary ;
; OP1_SW              ; 0101                             ; Unsigned Binary ;
; OP1_LW              ; 1001                             ; Unsigned Binary ;
; OP1_JAL             ; 1011                             ; Unsigned Binary ;
+---------------------+----------------------------------+-----------------+
Note: In order to hide this table in the UI and the text report file, please set the "Show Parameter Settings in Synthesis Report" option in "Analysis and Synthesis Settings -> More Settings" to "Off".


+---------------------------------------------------------------+
; Parameter Settings for User Entity Instance: ClkDivider:clkdi ;
+----------------+---------+------------------------------------+
; Parameter Name ; Value   ; Type                               ;
+----------------+---------+------------------------------------+
; divider        ; 2500000 ; Signed Integer                     ;
; len            ; 31      ; Signed Integer                     ;
+----------------+---------+------------------------------------+
Note: In order to hide this table in the UI and the text report file, please set the "Show Parameter Settings in Synthesis Report" option in "Analysis and Synthesis Settings -> More Settings" to "Off".


+---------------------------------------------------------------------+
; Parameter Settings for User Entity Instance: Register:pc            ;
+----------------+----------------------------------+-----------------+
; Parameter Name ; Value                            ; Type            ;
+----------------+----------------------------------+-----------------+
; BIT_WIDTH      ; 32                               ; Signed Integer  ;
; RESET_VALUE    ; 00000000000000000000000001000000 ; Unsigned Binary ;
+----------------+----------------------------------+-----------------+
Note: In order to hide this table in the UI and the text report file, please set the "Show Parameter Settings in Synthesis Report" option in "Analysis and Synthesis Settings -> More Settings" to "Off".


+--------------------------------------------------------------+
; Parameter Settings for User Entity Instance: PcLogic:pcLogic ;
+----------------+-------+-------------------------------------+
; Parameter Name ; Value ; Type                                ;
+----------------+-------+-------------------------------------+
; PC_BIT_WIDTH   ; 32    ; Signed Integer                      ;
+----------------+-------+-------------------------------------+
Note: In order to hide this table in the UI and the text report file, please set the "Show Parameter Settings in Synthesis Report" option in "Analysis and Synthesis Settings -> More Settings" to "Off".


+---------------------------------------------------------------+
; Parameter Settings for User Entity Instance: Mux4to1:muxPcOut ;
+----------------+-------+--------------------------------------+
; Parameter Name ; Value ; Type                                 ;
+----------------+-------+--------------------------------------+
; DATA_BIT_WIDTH ; 32    ; Signed Integer                       ;
+----------------+-------+--------------------------------------+
Note: In order to hide this table in the UI and the text report file, please set the "Show Parameter Settings in Synthesis Report" option in "Analysis and Synthesis Settings -> More Settings" to "Off".


+----------------------------------------------------------------+
; Parameter Settings for User Entity Instance: Mux2to1:muxIntrPc ;
+----------------+-------+---------------------------------------+
; Parameter Name ; Value ; Type                                  ;
+----------------+-------+---------------------------------------+
; DATA_BIT_WIDTH ; 32    ; Signed Integer                        ;
+----------------+-------+---------------------------------------+
Note: In order to hide this table in the UI and the text report file, please set the "Show Parameter Settings in Synthesis Report" option in "Analysis and Synthesis Settings -> More Settings" to "Off".


+-----------------------------------------------------------------------+
; Parameter Settings for User Entity Instance: BranchAddrCalculator:bac ;
+----------------+-------+----------------------------------------------+
; Parameter Name ; Value ; Type                                         ;
+----------------+-------+----------------------------------------------+
; PC_BIT_WIDTH   ; 32    ; Signed Integer                               ;
+----------------+-------+----------------------------------------------+
Note: In order to hide this table in the UI and the text report file, please set the "Show Parameter Settings in Synthesis Report" option in "Analysis and Synthesis Settings -> More Settings" to "Off".


+-----------------------------------------------------------------+
; Parameter Settings for User Entity Instance: InstMemory:instMem ;
+----------------+--------------+---------------------------------+
; Parameter Name ; Value        ; Type                            ;
+----------------+--------------+---------------------------------+
; MEM_INIT_FILE  ; Int_Test.mif ; String                          ;
; ADDR_BIT_WIDTH ; 11           ; Signed Integer                  ;
; DATA_BIT_WIDTH ; 32           ; Signed Integer                  ;
; N_WORDS        ; 2048         ; Signed Integer                  ;
+----------------+--------------+---------------------------------+
Note: In order to hide this table in the UI and the text report file, please set the "Show Parameter Settings in Synthesis Report" option in "Analysis and Synthesis Settings -> More Settings" to "Off".


+--------------------------------------------------------------+
; Parameter Settings for User Entity Instance: Controller:cont ;
+----------------+-------+-------------------------------------+
; Parameter Name ; Value ; Type                                ;
+----------------+-------+-------------------------------------+
; INST_BIT_WIDTH ; 32    ; Signed Integer                      ;
+----------------+-------+-------------------------------------+
Note: In order to hide this table in the UI and the text report file, please set the "Show Parameter Settings in Synthesis Report" option in "Analysis and Synthesis Settings -> More Settings" to "Off".


+---------------------------------------------------------------+
; Parameter Settings for User Entity Instance: SignExtension:se ;
+----------------+-------+--------------------------------------+
; Parameter Name ; Value ; Type                                 ;
+----------------+-------+--------------------------------------+
; IN_BIT_WIDTH   ; 16    ; Signed Integer                       ;
; OUT_BIT_WIDTH  ; 32    ; Signed Integer                       ;
+----------------+-------+--------------------------------------+
Note: In order to hide this table in the UI and the text report file, please set the "Show Parameter Settings in Synthesis Report" option in "Analysis and Synthesis Settings -> More Settings" to "Off".


+-------------------------------------------------------------------+
; Parameter Settings for User Entity Instance: RegisterFile:regFile ;
+-----------------+-------+-----------------------------------------+
; Parameter Name  ; Value ; Type                                    ;
+-----------------+-------+-----------------------------------------+
; INDEX_BIT_WIDTH ; 4     ; Signed Integer                          ;
; DATA_BIT_WIDTH  ; 32    ; Signed Integer                          ;
; N_REGS          ; 16    ; Signed Integer                          ;
+-----------------+-------+-----------------------------------------+
Note: In order to hide this table in the UI and the text report file, please set the "Show Parameter Settings in Synthesis Report" option in "Analysis and Synthesis Settings -> More Settings" to "Off".


+---------------------------------------------------------------+
; Parameter Settings for User Entity Instance: Mux2to1:muxAluIn ;
+----------------+-------+--------------------------------------+
; Parameter Name ; Value ; Type                                 ;
+----------------+-------+--------------------------------------+
; DATA_BIT_WIDTH ; 32    ; Signed Integer                       ;
+----------------+-------+--------------------------------------+
Note: In order to hide this table in the UI and the text report file, please set the "Show Parameter Settings in Synthesis Report" option in "Analysis and Synthesis Settings -> More Settings" to "Off".


+-------------------------------------------------------+
; Parameter Settings for User Entity Instance: Alu:alu1 ;
+------------------+-------+----------------------------+
; Parameter Name   ; Value ; Type                       ;
+------------------+-------+----------------------------+
; DATA_BIT_WIDTH   ; 32    ; Signed Integer             ;
; CTRL_BIT_WIDTH   ; 5     ; Signed Integer             ;
; CMPOUT_BIT_WIDTH ; 3     ; Signed Integer             ;
+------------------+-------+----------------------------+
Note: In order to hide this table in the UI and the text report file, please set the "Show Parameter Settings in Synthesis Report" option in "Analysis and Synthesis Settings -> More Settings" to "Off".


+---------------------------------------------------------------------------+
; Parameter Settings for User Entity Instance: SystemRegisterFile:systemReg ;
+-----------------+-------+-------------------------------------------------+
; Parameter Name  ; Value ; Type                                            ;
+-----------------+-------+-------------------------------------------------+
; INDEX_BIT_WIDTH ; 4     ; Signed Integer                                  ;
; DATA_BIT_WIDTH  ; 32    ; Signed Integer                                  ;
; N_REGS          ; 16    ; Signed Integer                                  ;
; PCS             ; 0000  ; Unsigned Binary                                 ;
; IHA             ; 0001  ; Unsigned Binary                                 ;
; IRA             ; 0010  ; Unsigned Binary                                 ;
; IDN             ; 0011  ; Unsigned Binary                                 ;
+-----------------+-------+-------------------------------------------------+
Note: In order to hide this table in the UI and the text report file, please set the "Show Parameter Settings in Synthesis Report" option in "Analysis and Synthesis Settings -> More Settings" to "Off".


+-----------------------------------------------------------------+
; Parameter Settings for User Entity Instance: DataMemory:dataMem ;
+----------------+-------+----------------------------------------+
; Parameter Name ; Value ; Type                                   ;
+----------------+-------+----------------------------------------+
; ADDR_BIT_WIDTH ; 11    ; Signed Integer                         ;
; DATA_BIT_WIDTH ; 32    ; Signed Integer                         ;
; N_WORDS        ; 2048  ; Signed Integer                         ;
+----------------+-------+----------------------------------------+
Note: In order to hide this table in the UI and the text report file, please set the "Show Parameter Settings in Synthesis Report" option in "Analysis and Synthesis Settings -> More Settings" to "Off".


+----------------------------------------------------------------+
; Parameter Settings for User Entity Instance: Mux4to1:muxMemOut ;
+----------------+-------+---------------------------------------+
; Parameter Name ; Value ; Type                                  ;
+----------------+-------+---------------------------------------+
; DATA_BIT_WIDTH ; 32    ; Signed Integer                        ;
+----------------+-------+---------------------------------------+
Note: In order to hide this table in the UI and the text report file, please set the "Show Parameter Settings in Synthesis Report" option in "Analysis and Synthesis Settings -> More Settings" to "Off".


+------------------------------------------------------------------------------------+
; Parameter Settings for User Entity Instance: IO_controller:ioCtrl|ClkDivider:msClk ;
+----------------+-------+-----------------------------------------------------------+
; Parameter Name ; Value ; Type                                                      ;
+----------------+-------+-----------------------------------------------------------+
; divider        ; 25000 ; Signed Integer                                            ;
; len            ; 31    ; Signed Integer                                            ;
+----------------+-------+-----------------------------------------------------------+
Note: In order to hide this table in the UI and the text report file, please set the "Show Parameter Settings in Synthesis Report" option in "Analysis and Synthesis Settings -> More Settings" to "Off".


+----------------------------------------------------------------------------------+
; Parameter Settings for User Entity Instance: IO_controller:ioCtrl|KeyDevices:key ;
+-------------------+-----------+--------------------------------------------------+
; Parameter Name    ; Value     ; Type                                             ;
+-------------------+-----------+--------------------------------------------------+
; ABUS_WIDTH        ; 32        ; Signed Integer                                   ;
; DBUS_WIDTH        ; 32        ; Signed Integer                                   ;
; KDATA_RESET_VALUE ; 0000      ; Unsigned Binary                                  ;
; KCTRL_RESET_VALUE ; 000000000 ; Unsigned Binary                                  ;
+-------------------+-----------+--------------------------------------------------+
Note: In order to hide this table in the UI and the text report file, please set the "Show Parameter Settings in Synthesis Report" option in "Analysis and Synthesis Settings -> More Settings" to "Off".


+------------------------------------------------------------------------------------------+
; Parameter Settings for User Entity Instance: IO_controller:ioCtrl|SwitchDevices:switches ;
+--------------------------+----------------------------------+----------------------------+
; Parameter Name           ; Value                            ; Type                       ;
+--------------------------+----------------------------------+----------------------------+
; ABUS_WIDTH               ; 32                               ; Signed Integer             ;
; DBUS_WIDTH               ; 32                               ; Signed Integer             ;
; SWDATA_RESET_VALUE       ; 0000000000                       ; Unsigned Binary            ;
; SWCTRL_RESET_VALUE       ; 000000000                        ; Unsigned Binary            ;
; INTERNAL_CNT_RESET_VALUE ; 00000000000000000000000000000000 ; Unsigned Binary            ;
+--------------------------+----------------------------------+----------------------------+
Note: In order to hide this table in the UI and the text report file, please set the "Show Parameter Settings in Synthesis Report" option in "Analysis and Synthesis Settings -> More Settings" to "Off".


+-------------------------------------------------------------------------------+
; Parameter Settings for User Entity Instance: IO_controller:ioCtrl|Timer:timer ;
+------------------+----------------------------------+-------------------------+
; Parameter Name   ; Value                            ; Type                    ;
+------------------+----------------------------------+-------------------------+
; ABUS_WIDTH       ; 32                               ; Signed Integer          ;
; DBUS_WIDTH       ; 32                               ; Signed Integer          ;
; TCTL_RESET_VALUE ; 000000000                        ; Unsigned Binary         ;
; CNT_RESET_VALUE  ; 00000000000000000000000000000000 ; Unsigned Binary         ;
+------------------+----------------------------------+-------------------------+
Note: In order to hide this table in the UI and the text report file, please set the "Show Parameter Settings in Synthesis Report" option in "Analysis and Synthesis Settings -> More Settings" to "Off".


+-----------------------------------------------------------------------------+
; Parameter Settings for User Entity Instance: IO_controller:ioCtrl|Ledr:ledR ;
+----------------+------------+-----------------------------------------------+
; Parameter Name ; Value      ; Type                                          ;
+----------------+------------+-----------------------------------------------+
; ABUS_WIDTH     ; 32         ; Signed Integer                                ;
; DBUS_WIDTH     ; 32         ; Signed Integer                                ;
; RESET_VALUE    ; 0000000000 ; Unsigned Binary                               ;
+----------------+------------+-----------------------------------------------+
Note: In order to hide this table in the UI and the text report file, please set the "Show Parameter Settings in Synthesis Report" option in "Analysis and Synthesis Settings -> More Settings" to "Off".


+-----------------------------------------------------------------------------+
; Parameter Settings for User Entity Instance: IO_controller:ioCtrl|Ledg:ledG ;
+----------------+----------+-------------------------------------------------+
; Parameter Name ; Value    ; Type                                            ;
+----------------+----------+-------------------------------------------------+
; ABUS_WIDTH     ; 32       ; Signed Integer                                  ;
; DBUS_WIDTH     ; 32       ; Signed Integer                                  ;
; RESET_VALUE    ; 00000000 ; Unsigned Binary                                 ;
+----------------+----------+-------------------------------------------------+
Note: In order to hide this table in the UI and the text report file, please set the "Show Parameter Settings in Synthesis Report" option in "Analysis and Synthesis Settings -> More Settings" to "Off".


+---------------------------------------------------------------------------+
; Parameter Settings for User Entity Instance: IO_controller:ioCtrl|Hex:heX ;
+----------------+------------------+---------------------------------------+
; Parameter Name ; Value            ; Type                                  ;
+----------------+------------------+---------------------------------------+
; ABUS_WIDTH     ; 32               ; Signed Integer                        ;
; DBUS_WIDTH     ; 32               ; Signed Integer                        ;
; RESET_VALUE    ; 0000000000000000 ; Unsigned Binary                       ;
+----------------+------------------+---------------------------------------+
Note: In order to hide this table in the UI and the text report file, please set the "Show Parameter Settings in Synthesis Report" option in "Analysis and Synthesis Settings -> More Settings" to "Off".


+-------------------------------------------------------------------------------------------+
; Parameter Settings for Inferred Entity Instance: DataMemory:dataMem|altsyncram:data_rtl_0 ;
+------------------------------------+----------------------+-------------------------------+
; Parameter Name                     ; Value                ; Type                          ;
+------------------------------------+----------------------+-------------------------------+
; BYTE_SIZE_BLOCK                    ; 8                    ; Untyped                       ;
; AUTO_CARRY_CHAINS                  ; ON                   ; AUTO_CARRY                    ;
; IGNORE_CARRY_BUFFERS               ; OFF                  ; IGNORE_CARRY                  ;
; AUTO_CASCADE_CHAINS                ; ON                   ; AUTO_CASCADE                  ;
; IGNORE_CASCADE_BUFFERS             ; OFF                  ; IGNORE_CASCADE                ;
; WIDTH_BYTEENA                      ; 1                    ; Untyped                       ;
; OPERATION_MODE                     ; DUAL_PORT            ; Untyped                       ;
; WIDTH_A                            ; 32                   ; Untyped                       ;
; WIDTHAD_A                          ; 11                   ; Untyped                       ;
; NUMWORDS_A                         ; 2048                 ; Untyped                       ;
; OUTDATA_REG_A                      ; UNREGISTERED         ; Untyped                       ;
; ADDRESS_ACLR_A                     ; NONE                 ; Untyped                       ;
; OUTDATA_ACLR_A                     ; NONE                 ; Untyped                       ;
; WRCONTROL_ACLR_A                   ; NONE                 ; Untyped                       ;
; INDATA_ACLR_A                      ; NONE                 ; Untyped                       ;
; BYTEENA_ACLR_A                     ; NONE                 ; Untyped                       ;
; WIDTH_B                            ; 32                   ; Untyped                       ;
; WIDTHAD_B                          ; 11                   ; Untyped                       ;
; NUMWORDS_B                         ; 2048                 ; Untyped                       ;
; INDATA_REG_B                       ; CLOCK1               ; Untyped                       ;
; WRCONTROL_WRADDRESS_REG_B          ; CLOCK1               ; Untyped                       ;
; RDCONTROL_REG_B                    ; CLOCK1               ; Untyped                       ;
; ADDRESS_REG_B                      ; CLOCK0               ; Untyped                       ;
; OUTDATA_REG_B                      ; UNREGISTERED         ; Untyped                       ;
; BYTEENA_REG_B                      ; CLOCK1               ; Untyped                       ;
; INDATA_ACLR_B                      ; NONE                 ; Untyped                       ;
; WRCONTROL_ACLR_B                   ; NONE                 ; Untyped                       ;
; ADDRESS_ACLR_B                     ; NONE                 ; Untyped                       ;
; OUTDATA_ACLR_B                     ; NONE                 ; Untyped                       ;
; RDCONTROL_ACLR_B                   ; NONE                 ; Untyped                       ;
; BYTEENA_ACLR_B                     ; NONE                 ; Untyped                       ;
; WIDTH_BYTEENA_A                    ; 1                    ; Untyped                       ;
; WIDTH_BYTEENA_B                    ; 1                    ; Untyped                       ;
; RAM_BLOCK_TYPE                     ; AUTO                 ; Untyped                       ;
; BYTE_SIZE                          ; 8                    ; Untyped                       ;
; READ_DURING_WRITE_MODE_MIXED_PORTS ; DONT_CARE            ; Untyped                       ;
; READ_DURING_WRITE_MODE_PORT_A      ; NEW_DATA_NO_NBE_READ ; Untyped                       ;
; READ_DURING_WRITE_MODE_PORT_B      ; NEW_DATA_NO_NBE_READ ; Untyped                       ;
; INIT_FILE                          ; UNUSED               ; Untyped                       ;
; INIT_FILE_LAYOUT                   ; PORT_A               ; Untyped                       ;
; MAXIMUM_DEPTH                      ; 0                    ; Untyped                       ;
; CLOCK_ENABLE_INPUT_A               ; NORMAL               ; Untyped                       ;
; CLOCK_ENABLE_INPUT_B               ; NORMAL               ; Untyped                       ;
; CLOCK_ENABLE_OUTPUT_A              ; NORMAL               ; Untyped                       ;
; CLOCK_ENABLE_OUTPUT_B              ; NORMAL               ; Untyped                       ;
; CLOCK_ENABLE_CORE_A                ; USE_INPUT_CLKEN      ; Untyped                       ;
; CLOCK_ENABLE_CORE_B                ; USE_INPUT_CLKEN      ; Untyped                       ;
; ENABLE_ECC                         ; FALSE                ; Untyped                       ;
; ECC_PIPELINE_STAGE_ENABLED         ; FALSE                ; Untyped                       ;
; WIDTH_ECCSTATUS                    ; 3                    ; Untyped                       ;
; DEVICE_FAMILY                      ; Cyclone II           ; Untyped                       ;
; CBXI_PARAMETER                     ; altsyncram_ghc1      ; Untyped                       ;
+------------------------------------+----------------------+-------------------------------+
Note: In order to hide this table in the UI and the text report file, please set the "Show Parameter Settings in Synthesis Report" option in "Analysis and Synthesis Settings -> More Settings" to "Off".


+--------------------------------------------------------------------------------------+
; altsyncram Parameter Settings by Entity Instance                                     ;
+-------------------------------------------+------------------------------------------+
; Name                                      ; Value                                    ;
+-------------------------------------------+------------------------------------------+
; Number of entity instances                ; 1                                        ;
; Entity Instance                           ; DataMemory:dataMem|altsyncram:data_rtl_0 ;
;     -- OPERATION_MODE                     ; DUAL_PORT                                ;
;     -- WIDTH_A                            ; 32                                       ;
;     -- NUMWORDS_A                         ; 2048                                     ;
;     -- OUTDATA_REG_A                      ; UNREGISTERED                             ;
;     -- WIDTH_B                            ; 32                                       ;
;     -- NUMWORDS_B                         ; 2048                                     ;
;     -- ADDRESS_REG_B                      ; CLOCK0                                   ;
;     -- OUTDATA_REG_B                      ; UNREGISTERED                             ;
;     -- RAM_BLOCK_TYPE                     ; AUTO                                     ;
;     -- READ_DURING_WRITE_MODE_MIXED_PORTS ; DONT_CARE                                ;
+-------------------------------------------+------------------------------------------+


+------------------------------------------------------------------------------------------------------------------------------------------+
; Port Connectivity Checks: "SystemRegisterFile:systemReg"                                                                                 ;
+-----------+--------+----------+----------------------------------------------------------------------------------------------------------+
; Port      ; Type   ; Severity ; Details                                                                                                  ;
+-----------+--------+----------+----------------------------------------------------------------------------------------------------------+
; pcAddrOut ; Output ; Warning  ; Declared by entity but not connected by instance. Logic that only feeds a dangling port will be removed. ;
+-----------+--------+----------+----------------------------------------------------------------------------------------------------------+


+---------------------------------------------------------------------------------------------------------------------+
; Port Connectivity Checks: "PipeLineReg:pipelineregister"                                                            ;
+-----------+--------+----------+-------------------------------------------------------------------------------------+
; Port      ; Type   ; Severity ; Details                                                                             ;
+-----------+--------+----------+-------------------------------------------------------------------------------------+
; isLoadOut ; Output ; Info     ; Connected to dangling logic. Logic that only feeds a dangling port will be removed. ;
+-----------+--------+----------+-------------------------------------------------------------------------------------+


+-----------------------------------------+
; Port Connectivity Checks: "Register:pc" ;
+-------+-------+----------+--------------+
; Port  ; Type  ; Severity ; Details      ;
+-------+-------+----------+--------------+
; wrtEn ; Input ; Info     ; Stuck at VCC ;
+-------+-------+----------+--------------+


+-------------------------------+
; Elapsed Time Per Partition    ;
+----------------+--------------+
; Partition Name ; Elapsed Time ;
+----------------+--------------+
; Top            ; 00:00:10     ;
+----------------+--------------+


+-------------------------------+
; Analysis & Synthesis Messages ;
+-------------------------------+
Info: *******************************************************************
Info: Running Quartus II 64-Bit Analysis & Synthesis
    Info: Version 13.0.1 Build 232 06/12/2013 Service Pack 1 SJ Web Edition
    Info: Processing started: Tue Dec 02 19:09:58 2014
Info: Command: quartus_map --read_settings_files=on --write_settings_files=off Project5 -c Debug
Warning (20028): Parallel compilation is not licensed and has been disabled
Info (12021): Found 4 design units, including 4 entities, in source file project5.v
    Info (12023): Found entity 1: ClkDivider
    Info (12023): Found entity 2: Project5
    Info (12023): Found entity 3: IO_controller
    Info (12023): Found entity 4: dec2_7seg
Info (12021): Found 1 design units, including 1 entities, in source file timerdevice.v
    Info (12023): Found entity 1: Timer
Info (12021): Found 1 design units, including 1 entities, in source file negregister.v
    Info (12023): Found entity 1: negRegister
Info (12021): Found 1 design units, including 1 entities, in source file pclogic.v
    Info (12023): Found entity 1: PcLogic
Info (12021): Found 1 design units, including 1 entities, in source file alu.v
    Info (12023): Found entity 1: Alu
Info (12021): Found 1 design units, including 1 entities, in source file instmemory.v
    Info (12023): Found entity 1: InstMemory
Info (12021): Found 1 design units, including 1 entities, in source file register.v
    Info (12023): Found entity 1: Register
Info (12021): Found 1 design units, including 1 entities, in source file sevenseg.v
    Info (12023): Found entity 1: SevenSeg
Info (12021): Found 1 design units, including 1 entities, in source file signextension.v
    Info (12023): Found entity 1: SignExtension
Info (12021): Found 1 design units, including 1 entities, in source file pll.v
    Info (12023): Found entity 1: PLL
Info (12021): Found 1 design units, including 1 entities, in source file controller.v
    Info (12023): Found entity 1: Controller
Info (12021): Found 1 design units, including 1 entities, in source file mux2to1.v
    Info (12023): Found entity 1: Mux2to1
Info (12021): Found 1 design units, including 1 entities, in source file registerfile.v
    Info (12023): Found entity 1: RegisterFile
Info (12021): Found 1 design units, including 1 entities, in source file datamemory.v
    Info (12023): Found entity 1: DataMemory
Info (12021): Found 1 design units, including 1 entities, in source file branchaddrcalculator.v
    Info (12023): Found entity 1: BranchAddrCalculator
Info (12021): Found 1 design units, including 1 entities, in source file comparator.v
    Info (12023): Found entity 1: comparator
Info (12021): Found 1 design units, including 1 entities, in source file mux4to1.v
    Info (12023): Found entity 1: Mux4to1
Info (12021): Found 1 design units, including 1 entities, in source file pipelinereg.v
    Info (12023): Found entity 1: PipeLineReg
Info (12021): Found 1 design units, including 1 entities, in source file bubbler.v
    Info (12023): Found entity 1: Bubbler
Info (12021): Found 1 design units, including 1 entities, in source file keydevices.v
    Info (12023): Found entity 1: KeyDevices
Info (12021): Found 3 design units, including 3 entities, in source file ledandhexdevices.v
    Info (12023): Found entity 1: Ledr
    Info (12023): Found entity 2: Ledg
    Info (12023): Found entity 3: Hex
Info (12021): Found 1 design units, including 1 entities, in source file switchdevices.v
    Info (12023): Found entity 1: SwitchDevices
Info (12021): Found 1 design units, including 1 entities, in source file memorybus.v
    Info (12023): Found entity 1: MemoryBus
Info (12021): Found 1 design units, including 1 entities, in source file systemregisterfile.v
    Info (12023): Found entity 1: SystemRegisterFile
Info (12127): Elaborating entity "Project5" for the top level hierarchy
Info (12128): Elaborating entity "ClkDivider" for hierarchy "ClkDivider:clkdi"
Info (12128): Elaborating entity "Register" for hierarchy "Register:pc"
Info (12128): Elaborating entity "PcLogic" for hierarchy "PcLogic:pcLogic"
Info (12128): Elaborating entity "Mux4to1" for hierarchy "Mux4to1:muxPcOut"
Info (12128): Elaborating entity "Mux2to1" for hierarchy "Mux2to1:muxIntrPc"
Info (12128): Elaborating entity "BranchAddrCalculator" for hierarchy "BranchAddrCalculator:bac"
Info (12128): Elaborating entity "InstMemory" for hierarchy "InstMemory:instMem"
Warning (10858): Verilog HDL warning at InstMemory.v(11): object data used but never assigned
Info (12128): Elaborating entity "Controller" for hierarchy "Controller:cont"
Info (12128): Elaborating entity "SignExtension" for hierarchy "SignExtension:se"
Info (12128): Elaborating entity "RegisterFile" for hierarchy "RegisterFile:regFile"
Info (12128): Elaborating entity "Alu" for hierarchy "Alu:alu1"
Info (12128): Elaborating entity "Bubbler" for hierarchy "Bubbler:bubbler"
Info (12128): Elaborating entity "PipeLineReg" for hierarchy "PipeLineReg:pipelineregister"
Info (12128): Elaborating entity "SystemRegisterFile" for hierarchy "SystemRegisterFile:systemReg"
Info (12128): Elaborating entity "DataMemory" for hierarchy "DataMemory:dataMem"
Info (12128): Elaborating entity "IO_controller" for hierarchy "IO_controller:ioCtrl"
Info (12128): Elaborating entity "ClkDivider" for hierarchy "IO_controller:ioCtrl|ClkDivider:msClk"
Info (12128): Elaborating entity "KeyDevices" for hierarchy "IO_controller:ioCtrl|KeyDevices:key"
Info (12128): Elaborating entity "SwitchDevices" for hierarchy "IO_controller:ioCtrl|SwitchDevices:switches"
Info (12128): Elaborating entity "Timer" for hierarchy "IO_controller:ioCtrl|Timer:timer"
Info (12128): Elaborating entity "Ledr" for hierarchy "IO_controller:ioCtrl|Ledr:ledR"
Info (12128): Elaborating entity "Ledg" for hierarchy "IO_controller:ioCtrl|Ledg:ledG"
Info (12128): Elaborating entity "Hex" for hierarchy "IO_controller:ioCtrl|Hex:heX"
Info (12128): Elaborating entity "SevenSeg" for hierarchy "IO_controller:ioCtrl|Hex:heX|SevenSeg:hex0Converter"
Info (276024): Pass-through logic not created for RAM node "DataMemory:dataMem|data_rtl_0"
Info (276014): Found 2 instances of uninferred RAM logic
    Info (276007): RAM logic "InstMemory:instMem|data" is uninferred due to asynchronous read logic
    Info (276007): RAM logic "RegisterFile:regFile|data" is uninferred due to asynchronous read logic
Info (19000): Inferred 1 megafunctions from design logic
    Info (276029): Inferred altsyncram megafunction from the following design logic: "DataMemory:dataMem|data_rtl_0" 
        Info (286033): Parameter OPERATION_MODE set to DUAL_PORT
        Info (286033): Parameter WIDTH_A set to 32
        Info (286033): Parameter WIDTHAD_A set to 11
        Info (286033): Parameter NUMWORDS_A set to 2048
        Info (286033): Parameter WIDTH_B set to 32
        Info (286033): Parameter WIDTHAD_B set to 11
        Info (286033): Parameter NUMWORDS_B set to 2048
        Info (286033): Parameter ADDRESS_ACLR_A set to NONE
        Info (286033): Parameter OUTDATA_REG_B set to UNREGISTERED
        Info (286033): Parameter ADDRESS_ACLR_B set to NONE
        Info (286033): Parameter OUTDATA_ACLR_B set to NONE
        Info (286033): Parameter ADDRESS_REG_B set to CLOCK0
        Info (286033): Parameter INDATA_ACLR_A set to NONE
        Info (286033): Parameter WRCONTROL_ACLR_A set to NONE
Info (12130): Elaborated megafunction instantiation "DataMemory:dataMem|altsyncram:data_rtl_0"
Info (12133): Instantiated megafunction "DataMemory:dataMem|altsyncram:data_rtl_0" with the following parameter:
    Info (12134): Parameter "OPERATION_MODE" = "DUAL_PORT"
    Info (12134): Parameter "WIDTH_A" = "32"
    Info (12134): Parameter "WIDTHAD_A" = "11"
    Info (12134): Parameter "NUMWORDS_A" = "2048"
    Info (12134): Parameter "WIDTH_B" = "32"
    Info (12134): Parameter "WIDTHAD_B" = "11"
    Info (12134): Parameter "NUMWORDS_B" = "2048"
    Info (12134): Parameter "ADDRESS_ACLR_A" = "NONE"
    Info (12134): Parameter "OUTDATA_REG_B" = "UNREGISTERED"
    Info (12134): Parameter "ADDRESS_ACLR_B" = "NONE"
    Info (12134): Parameter "OUTDATA_ACLR_B" = "NONE"
    Info (12134): Parameter "ADDRESS_REG_B" = "CLOCK0"
    Info (12134): Parameter "INDATA_ACLR_A" = "NONE"
    Info (12134): Parameter "WRCONTROL_ACLR_A" = "NONE"
Info (12021): Found 1 design units, including 1 entities, in source file db/altsyncram_ghc1.tdf
    Info (12023): Found entity 1: altsyncram_ghc1
Warning (12241): 1 hierarchies have connectivity warnings - see the Connectivity Checks report folder
Warning (13046): Tri-state node(s) do not directly drive top-level pin(s)
    Warning (13047): Converted the fan-out from the tri-state buffer "DBUS[0]" to the node "Mux4to1:muxMemOut|Mux31" into an OR gate
    Warning (13047): Converted the fan-out from the tri-state buffer "DBUS[1]" to the node "Mux4to1:muxMemOut|Mux30" into an OR gate
    Warning (13047): Converted the fan-out from the tri-state buffer "DBUS[2]" to the node "Mux4to1:muxMemOut|Mux29" into an OR gate
    Warning (13047): Converted the fan-out from the tri-state buffer "DBUS[3]" to the node "Mux4to1:muxMemOut|Mux28" into an OR gate
    Warning (13047): Converted the fan-out from the tri-state buffer "IO_controller:ioCtrl|KeyDevices:key|dBus[4]" to the node "Mux4to1:muxMemOut|Mux27" into an OR gate
    Warning (13047): Converted the fan-out from the tri-state buffer "IO_controller:ioCtrl|KeyDevices:key|dBus[5]" to the node "Mux4to1:muxMemOut|Mux26" into an OR gate
    Warning (13047): Converted the fan-out from the tri-state buffer "IO_controller:ioCtrl|KeyDevices:key|dBus[6]" to the node "Mux4to1:muxMemOut|Mux25" into an OR gate
    Warning (13047): Converted the fan-out from the tri-state buffer "IO_controller:ioCtrl|KeyDevices:key|dBus[7]" to the node "Mux4to1:muxMemOut|Mux24" into an OR gate
    Warning (13047): Converted the fan-out from the tri-state buffer "IO_controller:ioCtrl|Ledg:ledG|dBus[8]" to the node "Mux4to1:muxMemOut|Mux23" into an OR gate
    Warning (13047): Converted the fan-out from the tri-state buffer "IO_controller:ioCtrl|KeyDevices:key|dBus[9]" to the node "Mux4to1:muxMemOut|Mux22" into an OR gate
    Warning (13047): Converted the fan-out from the tri-state buffer "IO_controller:ioCtrl|KeyDevices:key|dBus[10]" to the node "Mux4to1:muxMemOut|Mux21" into an OR gate
    Warning (13047): Converted the fan-out from the tri-state buffer "IO_controller:ioCtrl|KeyDevices:key|dBus[11]" to the node "Mux4to1:muxMemOut|Mux20" into an OR gate
    Warning (13047): Converted the fan-out from the tri-state buffer "IO_controller:ioCtrl|KeyDevices:key|dBus[14]" to the node "Mux4to1:muxMemOut|Mux17" into an OR gate
    Warning (13047): Converted the fan-out from the tri-state buffer "IO_controller:ioCtrl|KeyDevices:key|dBus[13]" to the node "Mux4to1:muxMemOut|Mux18" into an OR gate
    Warning (13047): Converted the fan-out from the tri-state buffer "IO_controller:ioCtrl|KeyDevices:key|dBus[12]" to the node "Mux4to1:muxMemOut|Mux19" into an OR gate
    Warning (13047): Converted the fan-out from the tri-state buffer "IO_controller:ioCtrl|KeyDevices:key|dBus[15]" to the node "Mux4to1:muxMemOut|Mux16" into an OR gate
    Warning (13047): Converted the fan-out from the tri-state buffer "IO_controller:ioCtrl|KeyDevices:key|dBus[16]" to the node "Mux4to1:muxMemOut|Mux15" into an OR gate
    Warning (13047): Converted the fan-out from the tri-state buffer "IO_controller:ioCtrl|KeyDevices:key|dBus[17]" to the node "Mux4to1:muxMemOut|Mux14" into an OR gate
    Warning (13047): Converted the fan-out from the tri-state buffer "IO_controller:ioCtrl|KeyDevices:key|dBus[18]" to the node "Mux4to1:muxMemOut|Mux13" into an OR gate
    Warning (13047): Converted the fan-out from the tri-state buffer "IO_controller:ioCtrl|KeyDevices:key|dBus[19]" to the node "Mux4to1:muxMemOut|Mux12" into an OR gate
    Warning (13047): Converted the fan-out from the tri-state buffer "IO_controller:ioCtrl|KeyDevices:key|dBus[20]" to the node "Mux4to1:muxMemOut|Mux11" into an OR gate
    Warning (13047): Converted the fan-out from the tri-state buffer "IO_controller:ioCtrl|KeyDevices:key|dBus[21]" to the node "Mux4to1:muxMemOut|Mux10" into an OR gate
    Warning (13047): Converted the fan-out from the tri-state buffer "IO_controller:ioCtrl|KeyDevices:key|dBus[22]" to the node "Mux4to1:muxMemOut|Mux9" into an OR gate
    Warning (13047): Converted the fan-out from the tri-state buffer "IO_controller:ioCtrl|KeyDevices:key|dBus[23]" to the node "Mux4to1:muxMemOut|Mux8" into an OR gate
    Warning (13047): Converted the fan-out from the tri-state buffer "IO_controller:ioCtrl|KeyDevices:key|dBus[24]" to the node "Mux4to1:muxMemOut|Mux7" into an OR gate
    Warning (13047): Converted the fan-out from the tri-state buffer "IO_controller:ioCtrl|KeyDevices:key|dBus[25]" to the node "Mux4to1:muxMemOut|Mux6" into an OR gate
    Warning (13047): Converted the fan-out from the tri-state buffer "IO_controller:ioCtrl|KeyDevices:key|dBus[26]" to the node "Mux4to1:muxMemOut|Mux5" into an OR gate
    Warning (13047): Converted the fan-out from the tri-state buffer "IO_controller:ioCtrl|KeyDevices:key|dBus[27]" to the node "Mux4to1:muxMemOut|Mux4" into an OR gate
    Warning (13047): Converted the fan-out from the tri-state buffer "IO_controller:ioCtrl|KeyDevices:key|dBus[28]" to the node "Mux4to1:muxMemOut|Mux3" into an OR gate
    Warning (13047): Converted the fan-out from the tri-state buffer "IO_controller:ioCtrl|KeyDevices:key|dBus[29]" to the node "Mux4to1:muxMemOut|Mux2" into an OR gate
    Warning (13047): Converted the fan-out from the tri-state buffer "IO_controller:ioCtrl|KeyDevices:key|dBus[30]" to the node "Mux4to1:muxMemOut|Mux1" into an OR gate
    Warning (13047): Converted the fan-out from the tri-state buffer "IO_controller:ioCtrl|KeyDevices:key|dBus[31]" to the node "Mux4to1:muxMemOut|Mux0" into an OR gate
Info (17049): 32 registers lost all their fanouts during netlist optimizations.
Info (144001): Generated suppressed messages file X:/Repos/CS3220/Project 5/Quartus/Debug.map.smsg
Info (16010): Generating hard_block partition "hard_block:auto_generated_inst"
    Info (16011): Adding 0 node(s), including 0 DDIO, 0 PLL, 0 transceiver and 0 LCELL
Info (21057): Implemented 3788 device resources after synthesis - the final resource count might be different
    Info (21058): Implemented 15 input pins
    Info (21059): Implemented 46 output pins
    Info (21061): Implemented 3695 logic cells
    Info (21064): Implemented 32 RAM segments
Info: Quartus II 64-Bit Analysis & Synthesis was successful. 0 errors, 36 warnings
    Info: Peak virtual memory: 472 megabytes
    Info: Processing ended: Tue Dec 02 19:10:11 2014
    Info: Elapsed time: 00:00:13
    Info: Total CPU time (on all processors): 00:00:13


+------------------------------------------+
; Analysis & Synthesis Suppressed Messages ;
+------------------------------------------+
The suppressed messages can be found in X:/Repos/CS3220/Project 5/Quartus/Debug.map.smsg.


