Flow report for Debug
Fri Nov 28 21:47:34 2014
Quartus II 64-Bit Version 13.0.1 Build 232 06/12/2013 Service Pack 1 SJ Web Edition


---------------------
; Table of Contents ;
---------------------
  1. Legal Notice
  2. Flow Summary
  3. Flow Settings
  4. Flow Non-Default Global Settings
  5. Flow Elapsed Time
  6. Flow OS Summary
  7. Flow Log
  8. Flow Messages
  9. Flow Suppressed Messages



----------------
; Legal Notice ;
----------------
Copyright (C) 1991-2013 Altera Corporation
Your use of Altera Corporation's design tools, logic functions 
and other software and tools, and its AMPP partner logic 
functions, and any output files from any of the foregoing 
(including device programming or simulation files), and any 
associated documentation or information are expressly subject 
to the terms and conditions of the Altera Program License 
Subscription Agreement, Altera MegaCore Function License 
Agreement, or other applicable license agreement, including, 
without limitation, that your use is for the sole purpose of 
programming logic devices manufactured by Altera and sold by 
Altera or its authorized distributors.  Please refer to the 
applicable agreement for further details.



+--------------------------------------------------------------------------------------+
; Flow Summary                                                                         ;
+------------------------------------+-------------------------------------------------+
; Flow Status                        ; Successful - Fri Nov 28 21:47:34 2014           ;
; Quartus II 64-Bit Version          ; 13.0.1 Build 232 06/12/2013 SP 1 SJ Web Edition ;
; Revision Name                      ; Debug                                           ;
; Top-level Entity Name              ; Project5                                        ;
; Family                             ; Cyclone II                                      ;
; Device                             ; EP2C20F484C7                                    ;
; Timing Models                      ; Final                                           ;
; Total logic elements               ; 2,659 / 18,752 ( 14 % )                         ;
;     Total combinational functions  ; 2,360 / 18,752 ( 13 % )                         ;
;     Dedicated logic registers      ; 876 / 18,752 ( 5 % )                            ;
; Total registers                    ; 876                                             ;
; Total pins                         ; 61 / 315 ( 19 % )                               ;
; Total virtual pins                 ; 0                                               ;
; Total memory bits                  ; 65,536 / 239,616 ( 27 % )                       ;
; Embedded Multiplier 9-bit elements ; 0 / 52 ( 0 % )                                  ;
; Total PLLs                         ; 0 / 4 ( 0 % )                                   ;
+------------------------------------+-------------------------------------------------+


+-----------------------------------------+
; Flow Settings                           ;
+-------------------+---------------------+
; Option            ; Setting             ;
+-------------------+---------------------+
; Start date & time ; 11/28/2014 21:46:49 ;
; Main task         ; Compilation         ;
; Revision Name     ; Debug               ;
+-------------------+---------------------+


+------------------------------------------------------------------------------------------------------------------------------------------------------------------+
; Flow Non-Default Global Settings                                                                                                                                 ;
+-----------------------------------------+-------------------------------------------------------------------------+---------------+-------------+----------------+
; Assignment Name                         ; Value                                                                   ; Default Value ; Entity Name ; Section Id     ;
+-----------------------------------------+-------------------------------------------------------------------------+---------------+-------------+----------------+
; ADD_PASS_THROUGH_LOGIC_TO_INFERRED_RAMS ; Off                                                                     ; On            ; --          ; --             ;
; ALLOW_ANY_RAM_SIZE_FOR_RECOGNITION      ; On                                                                      ; Off           ; --          ; --             ;
; ALLOW_ANY_ROM_SIZE_FOR_RECOGNITION      ; On                                                                      ; Off           ; --          ; --             ;
; ALLOW_POWER_UP_DONT_CARE                ; Off                                                                     ; On            ; --          ; --             ;
; AUTO_RAM_TO_LCELL_CONVERSION            ; On                                                                      ; Off           ; --          ; --             ;
; COMPILER_SIGNATURE_ID                   ; 207120314107815.141722920927192                                         ; --            ; --          ; --             ;
; EDA_GENERATE_FUNCTIONAL_NETLIST         ; On                                                                      ; --            ; --          ; eda_simulation ;
; EDA_OUTPUT_DATA_FORMAT                  ; Verilog Hdl                                                             ; --            ; --          ; eda_simulation ;
; EDA_SIMULATION_TOOL                     ; ModelSim-Altera (Verilog)                                               ; <None>        ; --          ; --             ;
; EDA_TIME_SCALE                          ; 1 ps                                                                    ; --            ; --          ; eda_simulation ;
; ENABLE_SIGNALTAP                        ; Off                                                                     ; --            ; --          ; --             ;
; FITTER_EFFORT                           ; Standard Fit                                                            ; Auto Fit      ; --          ; --             ;
; IP_TOOL_NAME                            ; ALTPLL                                                                  ; --            ; --          ; --             ;
; IP_TOOL_VERSION                         ; 13.0                                                                    ; --            ; --          ; --             ;
; MAX_CORE_JUNCTION_TEMP                  ; 85                                                                      ; --            ; --          ; --             ;
; MIN_CORE_JUNCTION_TEMP                  ; 0                                                                       ; --            ; --          ; --             ;
; MISC_FILE                               ; PLL_inst.v                                                              ; --            ; --          ; --             ;
; MISC_FILE                               ; PLL_bb.v                                                                ; --            ; --          ; --             ;
; MISC_FILE                               ; PLL.ppf                                                                 ; --            ; --          ; --             ;
; PARTITION_COLOR                         ; 16764057                                                                ; --            ; Project5    ; Top            ;
; PARTITION_FITTER_PRESERVATION_LEVEL     ; PLACEMENT_AND_ROUTING                                                   ; --            ; Project5    ; Top            ;
; PARTITION_NETLIST_TYPE                  ; SOURCE                                                                  ; --            ; Project5    ; Top            ;
; PHYSICAL_SYNTHESIS_EFFORT               ; Fast                                                                    ; Normal        ; --          ; --             ;
; PLACEMENT_EFFORT_MULTIPLIER             ; 1                                                                       ; 1.0           ; --          ; --             ;
; POWER_AUTO_COMPUTE_TJ                   ; Off                                                                     ; On            ; --          ; --             ;
; POWER_TJ_VALUE                          ; 85                                                                      ; 25            ; --          ; --             ;
; REMOVE_REDUNDANT_LOGIC_CELLS            ; On                                                                      ; Off           ; --          ; --             ;
; ROUTER_EFFORT_MULTIPLIER                ; 1                                                                       ; 1.0           ; --          ; --             ;
; SAVE_DISK_SPACE                         ; Off                                                                     ; On            ; --          ; --             ;
; SLD_FILE                                ; C:/Users/jspark/Desktop/cs3220-examples/Project2/stp1_auto_stripped.stp ; --            ; --          ; --             ;
; SMART_RECOMPILE                         ; On                                                                      ; Off           ; --          ; --             ;
; TIMEQUEST_DO_REPORT_TIMING              ; On                                                                      ; Off           ; --          ; --             ;
; TOP_LEVEL_ENTITY                        ; Project5                                                                ; Debug         ; --          ; --             ;
; USE_SIGNALTAP_FILE                      ; stp1.stp                                                                ; --            ; --          ; --             ;
+-----------------------------------------+-------------------------------------------------------------------------+---------------+-------------+----------------+


+-------------------------------------------------------------------------------------------------------------------------------+
; Flow Elapsed Time                                                                                                             ;
+---------------------------+--------------+-------------------------+---------------------+------------------------------------+
; Module Name               ; Elapsed Time ; Average Processors Used ; Peak Virtual Memory ; Total CPU Time (on all processors) ;
+---------------------------+--------------+-------------------------+---------------------+------------------------------------+
; Analysis & Synthesis      ; 00:00:13     ; 1.0                     ; 456 MB              ; 00:00:13                           ;
; Fitter                    ; 00:00:22     ; 1.0                     ; 649 MB              ; 00:00:21                           ;
; Assembler                 ; 00:00:02     ; 1.0                     ; 431 MB              ; 00:00:02                           ;
; TimeQuest Timing Analyzer ; 00:00:02     ; 1.0                     ; 424 MB              ; 00:00:01                           ;
; EDA Netlist Writer        ; 00:00:01     ; 1.0                     ; 397 MB              ; 00:00:01                           ;
; Total                     ; 00:00:40     ; --                      ; --                  ; 00:00:38                           ;
+---------------------------+--------------+-------------------------+---------------------+------------------------------------+


+----------------------------------------------------------------------------------------+
; Flow OS Summary                                                                        ;
+---------------------------+------------------+-----------+------------+----------------+
; Module Name               ; Machine Hostname ; OS Name   ; OS Version ; Processor type ;
+---------------------------+------------------+-----------+------------+----------------+
; Analysis & Synthesis      ; GreenMachine-PC  ; Windows 7 ; 6.1        ; x86_64         ;
; Fitter                    ; GreenMachine-PC  ; Windows 7 ; 6.1        ; x86_64         ;
; Assembler                 ; GreenMachine-PC  ; Windows 7 ; 6.1        ; x86_64         ;
; TimeQuest Timing Analyzer ; GreenMachine-PC  ; Windows 7 ; 6.1        ; x86_64         ;
; EDA Netlist Writer        ; GreenMachine-PC  ; Windows 7 ; 6.1        ; x86_64         ;
+---------------------------+------------------+-----------+------------+----------------+


------------
; Flow Log ;
------------
quartus_map --read_settings_files=on --write_settings_files=off Project5 -c Debug
quartus_fit --read_settings_files=off --write_settings_files=off Project5 -c Debug
quartus_asm --read_settings_files=off --write_settings_files=off Project5 -c Debug
quartus_sta Project5 -c Debug
quartus_eda --read_settings_files=off --write_settings_files=off Project5 -c Debug



