Analysis & Synthesis report for Debug
Sat Nov 15 18:18:09 2014
Quartus II 64-Bit Version 13.0.1 Build 232 06/12/2013 Service Pack 1 SJ Web Edition


---------------------
; Table of Contents ;
---------------------
  1. Legal Notice
  2. Analysis & Synthesis Summary
  3. Analysis & Synthesis Settings
  4. Parallel Compilation
  5. Analysis & Synthesis Source Files Read
  6. Analysis & Synthesis Resource Usage Summary
  7. Analysis & Synthesis Resource Utilization by Entity
  8. Analysis & Synthesis RAM Summary
  9. Logic Cells Representing Combinational Loops
 10. Registers Removed During Synthesis
 11. Removed Registers Triggering Further Register Optimizations
 12. General Register Statistics
 13. Inverted Register Statistics
 14. Multiplexer Restructuring Statistics (Restructuring Performed)
 15. Source assignments for DataMemory:dataMem|altsyncram:data_rtl_0|altsyncram_e4d1:auto_generated
 16. Source assignments for DataMemory:dataMem|altsyncram:data_rtl_0|altsyncram_e4d1:auto_generated|altsyncram_hng1:altsyncram1
 17. Parameter Settings for User Entity Instance: Top-level Entity: |Project3
 18. Parameter Settings for User Entity Instance: ClkDivider:clkdi
 19. Parameter Settings for User Entity Instance: Register:pc
 20. Parameter Settings for User Entity Instance: PcLogic:pcLogic
 21. Parameter Settings for User Entity Instance: Mux4to1:muxPcOut
 22. Parameter Settings for User Entity Instance: InstMemory:instMem
 23. Parameter Settings for User Entity Instance: PipelineRegister:pipelineReg
 24. Parameter Settings for User Entity Instance: Mux2to1:pipelineMux
 25. Parameter Settings for User Entity Instance: Controller:cont
 26. Parameter Settings for User Entity Instance: RegisterFile:regFile
 27. Parameter Settings for User Entity Instance: SignExtension:se
 28. Parameter Settings for User Entity Instance: Mux2to1:mucAluIn1
 29. Parameter Settings for User Entity Instance: Mux4to1:muxAluIn2
 30. Parameter Settings for User Entity Instance: Alu:alu1
 31. Parameter Settings for User Entity Instance: negRegister:dataReg
 32. Parameter Settings for User Entity Instance: DataMemory:dataMem
 33. Parameter Settings for User Entity Instance: Mux4to1:muxMemOut
 34. Parameter Settings for User Entity Instance: Mux4to1:muxDataMemOut
 35. Parameter Settings for User Entity Instance: BranchAddrCalculator:bac
 36. Parameter Settings for User Entity Instance: negRegister:switchReg
 37. Parameter Settings for User Entity Instance: negRegister:ledrReg
 38. Parameter Settings for User Entity Instance: negRegister:ledgReg
 39. Parameter Settings for User Entity Instance: negRegister:keyReg
 40. Parameter Settings for User Entity Instance: negRegister:hexReg
 41. Parameter Settings for Inferred Entity Instance: DataMemory:dataMem|altsyncram:data_rtl_0
 42. altsyncram Parameter Settings by Entity Instance
 43. Port Connectivity Checks: "negRegister:hexReg"
 44. Port Connectivity Checks: "negRegister:keyReg"
 45. Port Connectivity Checks: "negRegister:ledgReg"
 46. Port Connectivity Checks: "negRegister:ledrReg"
 47. Port Connectivity Checks: "negRegister:switchReg"
 48. Port Connectivity Checks: "Mux4to1:muxDataMemOut"
 49. Port Connectivity Checks: "Mux4to1:muxMemOut"
 50. Port Connectivity Checks: "negRegister:dataReg"
 51. Port Connectivity Checks: "Mux2to1:pipelineMux"
 52. Port Connectivity Checks: "PipelineRegister:pipelineReg"
 53. Port Connectivity Checks: "Mux4to1:muxPcOut"
 54. Port Connectivity Checks: "Register:pc"
 55. Elapsed Time Per Partition
 56. Analysis & Synthesis Messages
 57. Analysis & Synthesis Suppressed Messages



----------------
; Legal Notice ;
----------------
Copyright (C) 1991-2013 Altera Corporation
Your use of Altera Corporation's design tools, logic functions 
and other software and tools, and its AMPP partner logic 
functions, and any output files from any of the foregoing 
(including device programming or simulation files), and any 
associated documentation or information are expressly subject 
to the terms and conditions of the Altera Program License 
Subscription Agreement, Altera MegaCore Function License 
Agreement, or other applicable license agreement, including, 
without limitation, that your use is for the sole purpose of 
programming logic devices manufactured by Altera and sold by 
Altera or its authorized distributors.  Please refer to the 
applicable agreement for further details.



+--------------------------------------------------------------------------------------+
; Analysis & Synthesis Summary                                                         ;
+------------------------------------+-------------------------------------------------+
; Analysis & Synthesis Status        ; Successful - Sat Nov 15 18:18:09 2014           ;
; Quartus II 64-Bit Version          ; 13.0.1 Build 232 06/12/2013 SP 1 SJ Web Edition ;
; Revision Name                      ; Debug                                           ;
; Top-level Entity Name              ; Project3                                        ;
; Family                             ; Cyclone II                                      ;
; Total logic elements               ; 2,507                                           ;
;     Total combinational functions  ; 2,009                                           ;
;     Dedicated logic registers      ; 700                                             ;
; Total registers                    ; 700                                             ;
; Total pins                         ; 61                                              ;
; Total virtual pins                 ; 0                                               ;
; Total memory bits                  ; 65,536                                          ;
; Embedded Multiplier 9-bit elements ; 0                                               ;
; Total PLLs                         ; 0                                               ;
+------------------------------------+-------------------------------------------------+


+----------------------------------------------------------------------------------------------------------------------+
; Analysis & Synthesis Settings                                                                                        ;
+----------------------------------------------------------------------------+--------------------+--------------------+
; Option                                                                     ; Setting            ; Default Value      ;
+----------------------------------------------------------------------------+--------------------+--------------------+
; Device                                                                     ; EP2C20F484C7       ;                    ;
; Top-level entity name                                                      ; Project3           ; Debug              ;
; Family name                                                                ; Cyclone II         ; Cyclone IV GX      ;
; Use smart compilation                                                      ; On                 ; Off                ;
; Preserve fewer node names                                                  ; Off                ; On                 ;
; Add Pass-Through Logic to Inferred RAMs                                    ; Off                ; On                 ;
; Power-Up Don't Care                                                        ; Off                ; On                 ;
; Remove Redundant Logic Cells                                               ; On                 ; Off                ;
; Auto RAM to Logic Cell Conversion                                          ; On                 ; Off                ;
; Allow Any RAM Size For Recognition                                         ; On                 ; Off                ;
; Allow Any ROM Size For Recognition                                         ; On                 ; Off                ;
; Enable parallel Assembler and TimeQuest Timing Analyzer during compilation ; On                 ; On                 ;
; Enable compact report table                                                ; Off                ; Off                ;
; Restructure Multiplexers                                                   ; Auto               ; Auto               ;
; Create Debugging Nodes for IP Cores                                        ; Off                ; Off                ;
; Disable OpenCore Plus hardware evaluation                                  ; Off                ; Off                ;
; Verilog Version                                                            ; Verilog_2001       ; Verilog_2001       ;
; VHDL Version                                                               ; VHDL_1993          ; VHDL_1993          ;
; State Machine Processing                                                   ; Auto               ; Auto               ;
; Safe State Machine                                                         ; Off                ; Off                ;
; Extract Verilog State Machines                                             ; On                 ; On                 ;
; Extract VHDL State Machines                                                ; On                 ; On                 ;
; Ignore Verilog initial constructs                                          ; Off                ; Off                ;
; Iteration limit for constant Verilog loops                                 ; 5000               ; 5000               ;
; Iteration limit for non-constant Verilog loops                             ; 250                ; 250                ;
; Infer RAMs from Raw Logic                                                  ; On                 ; On                 ;
; Parallel Synthesis                                                         ; On                 ; On                 ;
; DSP Block Balancing                                                        ; Auto               ; Auto               ;
; NOT Gate Push-Back                                                         ; On                 ; On                 ;
; Remove Duplicate Registers                                                 ; On                 ; On                 ;
; Ignore CARRY Buffers                                                       ; Off                ; Off                ;
; Ignore CASCADE Buffers                                                     ; Off                ; Off                ;
; Ignore GLOBAL Buffers                                                      ; Off                ; Off                ;
; Ignore ROW GLOBAL Buffers                                                  ; Off                ; Off                ;
; Ignore LCELL Buffers                                                       ; Off                ; Off                ;
; Ignore SOFT Buffers                                                        ; On                 ; On                 ;
; Limit AHDL Integers to 32 Bits                                             ; Off                ; Off                ;
; Optimization Technique                                                     ; Balanced           ; Balanced           ;
; Carry Chain Length                                                         ; 70                 ; 70                 ;
; Auto Carry Chains                                                          ; On                 ; On                 ;
; Auto Open-Drain Pins                                                       ; On                 ; On                 ;
; Perform WYSIWYG Primitive Resynthesis                                      ; Off                ; Off                ;
; Auto ROM Replacement                                                       ; On                 ; On                 ;
; Auto RAM Replacement                                                       ; On                 ; On                 ;
; Auto Shift Register Replacement                                            ; Auto               ; Auto               ;
; Allow Shift Register Merging across Hierarchies                            ; Auto               ; Auto               ;
; Auto Clock Enable Replacement                                              ; On                 ; On                 ;
; Strict RAM Replacement                                                     ; Off                ; Off                ;
; Allow Synchronous Control Signals                                          ; On                 ; On                 ;
; Force Use of Synchronous Clear Signals                                     ; Off                ; Off                ;
; Auto Resource Sharing                                                      ; Off                ; Off                ;
; Allow Any Shift Register Size For Recognition                              ; Off                ; Off                ;
; Use LogicLock Constraints during Resource Balancing                        ; On                 ; On                 ;
; Ignore translate_off and synthesis_off directives                          ; Off                ; Off                ;
; Timing-Driven Synthesis                                                    ; Off                ; Off                ;
; Report Parameter Settings                                                  ; On                 ; On                 ;
; Report Source Assignments                                                  ; On                 ; On                 ;
; Report Connectivity Checks                                                 ; On                 ; On                 ;
; Ignore Maximum Fan-Out Assignments                                         ; Off                ; Off                ;
; Synchronization Register Chain Length                                      ; 2                  ; 2                  ;
; PowerPlay Power Optimization                                               ; Normal compilation ; Normal compilation ;
; HDL message level                                                          ; Level2             ; Level2             ;
; Suppress Register Optimization Related Messages                            ; Off                ; Off                ;
; Number of Removed Registers Reported in Synthesis Report                   ; 5000               ; 5000               ;
; Number of Swept Nodes Reported in Synthesis Report                         ; 5000               ; 5000               ;
; Number of Inverted Registers Reported in Synthesis Report                  ; 100                ; 100                ;
; Clock MUX Protection                                                       ; On                 ; On                 ;
; Auto Gated Clock Conversion                                                ; Off                ; Off                ;
; Block Design Naming                                                        ; Auto               ; Auto               ;
; SDC constraint protection                                                  ; Off                ; Off                ;
; Synthesis Effort                                                           ; Auto               ; Auto               ;
; Shift Register Replacement - Allow Asynchronous Clear Signal               ; On                 ; On                 ;
; Pre-Mapping Resynthesis Optimization                                       ; Off                ; Off                ;
; Analysis & Synthesis Message Level                                         ; Medium             ; Medium             ;
; Disable Register Merging Across Hierarchies                                ; Auto               ; Auto               ;
; Resource Aware Inference For Block RAM                                     ; On                 ; On                 ;
; Synthesis Seed                                                             ; 1                  ; 1                  ;
+----------------------------------------------------------------------------+--------------------+--------------------+


Parallel compilation was disabled, but you have multiple processors available. Enable parallel compilation to reduce compilation time.
+-------------------------------------+
; Parallel Compilation                ;
+----------------------------+--------+
; Processors                 ; Number ;
+----------------------------+--------+
; Number detected on machine ; 2      ;
; Maximum allowed            ; 1      ;
+----------------------------+--------+


+-----------------------------------------------------------------------------------------------------------------------------------------------------------------------+
; Analysis & Synthesis Source Files Read                                                                                                                                ;
+----------------------------------+-----------------+------------------------------+-------------------------------------------------------------------------+---------+
; File Name with User-Entered Path ; Used in Netlist ; File Type                    ; File Name with Absolute Path                                            ; Library ;
+----------------------------------+-----------------+------------------------------+-------------------------------------------------------------------------+---------+
; negRegister.v                    ; yes             ; User Verilog HDL File        ; C:/Users/j3gb3rt/Documents/CS3220/Project 3/negRegister.v               ;         ;
; PcLogic.v                        ; yes             ; User Verilog HDL File        ; C:/Users/j3gb3rt/Documents/CS3220/Project 3/PcLogic.v                   ;         ;
; Alu.v                            ; yes             ; User Verilog HDL File        ; C:/Users/j3gb3rt/Documents/CS3220/Project 3/Alu.v                       ;         ;
; InstMemory.v                     ; yes             ; User Verilog HDL File        ; C:/Users/j3gb3rt/Documents/CS3220/Project 3/InstMemory.v                ;         ;
; Register.v                       ; yes             ; User Verilog HDL File        ; C:/Users/j3gb3rt/Documents/CS3220/Project 3/Register.v                  ;         ;
; SignExtension.v                  ; yes             ; User Verilog HDL File        ; C:/Users/j3gb3rt/Documents/CS3220/Project 3/SignExtension.v             ;         ;
; Controller.v                     ; yes             ; User Verilog HDL File        ; C:/Users/j3gb3rt/Documents/CS3220/Project 3/Controller.v                ;         ;
; Mux2to1.v                        ; yes             ; User Verilog HDL File        ; C:/Users/j3gb3rt/Documents/CS3220/Project 3/Mux2to1.v                   ;         ;
; RegisterFile.v                   ; yes             ; User Verilog HDL File        ; C:/Users/j3gb3rt/Documents/CS3220/Project 3/RegisterFile.v              ;         ;
; DataMemory.v                     ; yes             ; User Verilog HDL File        ; C:/Users/j3gb3rt/Documents/CS3220/Project 3/DataMemory.v                ;         ;
; BranchAddrCalculator.v           ; yes             ; User Verilog HDL File        ; C:/Users/j3gb3rt/Documents/CS3220/Project 3/BranchAddrCalculator.v      ;         ;
; Mux4to1.v                        ; yes             ; User Verilog HDL File        ; C:/Users/j3gb3rt/Documents/CS3220/Project 3/Mux4to1.v                   ;         ;
; PipelineRegister.v               ; yes             ; User Verilog HDL File        ; C:/Users/j3gb3rt/Documents/CS3220/Project 3/PipelineRegister.v          ;         ;
; project3.v                       ; yes             ; Auto-Found Verilog HDL File  ; C:/Users/j3gb3rt/Documents/CS3220/Project 3/project3.v                  ;         ;
; altsyncram.tdf                   ; yes             ; Megafunction                 ; c:/altera/13.0sp1/quartus/libraries/megafunctions/altsyncram.tdf        ;         ;
; stratix_ram_block.inc            ; yes             ; Megafunction                 ; c:/altera/13.0sp1/quartus/libraries/megafunctions/stratix_ram_block.inc ;         ;
; lpm_mux.inc                      ; yes             ; Megafunction                 ; c:/altera/13.0sp1/quartus/libraries/megafunctions/lpm_mux.inc           ;         ;
; lpm_decode.inc                   ; yes             ; Megafunction                 ; c:/altera/13.0sp1/quartus/libraries/megafunctions/lpm_decode.inc        ;         ;
; aglobal130.inc                   ; yes             ; Megafunction                 ; c:/altera/13.0sp1/quartus/libraries/megafunctions/aglobal130.inc        ;         ;
; a_rdenreg.inc                    ; yes             ; Megafunction                 ; c:/altera/13.0sp1/quartus/libraries/megafunctions/a_rdenreg.inc         ;         ;
; altrom.inc                       ; yes             ; Megafunction                 ; c:/altera/13.0sp1/quartus/libraries/megafunctions/altrom.inc            ;         ;
; altram.inc                       ; yes             ; Megafunction                 ; c:/altera/13.0sp1/quartus/libraries/megafunctions/altram.inc            ;         ;
; altdpram.inc                     ; yes             ; Megafunction                 ; c:/altera/13.0sp1/quartus/libraries/megafunctions/altdpram.inc          ;         ;
; db/altsyncram_e4d1.tdf           ; yes             ; Auto-Generated Megafunction  ; C:/Users/j3gb3rt/Documents/CS3220/Project 3/db/altsyncram_e4d1.tdf      ;         ;
; db/altsyncram_hng1.tdf           ; yes             ; Auto-Generated Megafunction  ; C:/Users/j3gb3rt/Documents/CS3220/Project 3/db/altsyncram_hng1.tdf      ;         ;
+----------------------------------+-----------------+------------------------------+-------------------------------------------------------------------------+---------+


+-----------------------------------------------------------------------+
; Analysis & Synthesis Resource Usage Summary                           ;
+---------------------------------------------+-------------------------+
; Resource                                    ; Usage                   ;
+---------------------------------------------+-------------------------+
; Estimated Total logic elements              ; 2,507                   ;
;                                             ;                         ;
; Total combinational functions               ; 2009                    ;
; Logic element usage by number of LUT inputs ;                         ;
;     -- 4 input functions                    ; 1517                    ;
;     -- 3 input functions                    ; 315                     ;
;     -- <=2 input functions                  ; 177                     ;
;                                             ;                         ;
; Logic elements by mode                      ;                         ;
;     -- normal mode                          ; 1796                    ;
;     -- arithmetic mode                      ; 213                     ;
;                                             ;                         ;
; Total registers                             ; 700                     ;
;     -- Dedicated logic registers            ; 700                     ;
;     -- I/O registers                        ; 0                       ;
;                                             ;                         ;
; I/O pins                                    ; 61                      ;
; Total memory bits                           ; 65536                   ;
; Embedded Multiplier 9-bit elements          ; 0                       ;
; Maximum fan-out node                        ; ClkDivider:clkdi|clkReg ;
; Maximum fan-out                             ; 700                     ;
; Total fan-out                               ; 10170                   ;
; Average fan-out                             ; 3.63                    ;
+---------------------------------------------+-------------------------+


+--------------------------------------------------------------------------------------------------------------------------------------------------------------------------------------------------------------------------------------------------------------------------------------+
; Analysis & Synthesis Resource Utilization by Entity                                                                                                                                                                                                                                  ;
+-------------------------------------------+-------------------+--------------+-------------+--------------+---------+-----------+------+--------------+---------------------------------------------------------------------------------------------------------------+--------------+
; Compilation Hierarchy Node                ; LC Combinationals ; LC Registers ; Memory Bits ; DSP Elements ; DSP 9x9 ; DSP 18x18 ; Pins ; Virtual Pins ; Full Hierarchy Name                                                                                           ; Library Name ;
+-------------------------------------------+-------------------+--------------+-------------+--------------+---------+-----------+------+--------------+---------------------------------------------------------------------------------------------------------------+--------------+
; |Project3                                 ; 2009 (2)          ; 700 (0)      ; 65536       ; 0            ; 0       ; 0         ; 61   ; 0            ; |Project3                                                                                                     ; work         ;
;    |Alu:alu1|                             ; 352 (352)         ; 0 (0)        ; 0           ; 0            ; 0       ; 0         ; 0    ; 0            ; |Project3|Alu:alu1                                                                                            ; work         ;
;    |BranchAddrCalculator:bac|             ; 30 (30)           ; 0 (0)        ; 0           ; 0            ; 0       ; 0         ; 0    ; 0            ; |Project3|BranchAddrCalculator:bac                                                                            ; work         ;
;    |ClkDivider:clkdi|                     ; 57 (57)           ; 33 (33)      ; 0           ; 0            ; 0       ; 0         ; 0    ; 0            ; |Project3|ClkDivider:clkdi                                                                                    ; work         ;
;    |Controller:cont|                      ; 107 (107)         ; 5 (5)        ; 0           ; 0            ; 0       ; 0         ; 0    ; 0            ; |Project3|Controller:cont                                                                                     ; work         ;
;    |DataMemory:dataMem|                   ; 0 (0)             ; 0 (0)        ; 65536       ; 0            ; 0       ; 0         ; 0    ; 0            ; |Project3|DataMemory:dataMem                                                                                  ; work         ;
;       |altsyncram:data_rtl_0|             ; 0 (0)             ; 0 (0)        ; 65536       ; 0            ; 0       ; 0         ; 0    ; 0            ; |Project3|DataMemory:dataMem|altsyncram:data_rtl_0                                                            ; work         ;
;          |altsyncram_e4d1:auto_generated| ; 0 (0)             ; 0 (0)        ; 65536       ; 0            ; 0       ; 0         ; 0    ; 0            ; |Project3|DataMemory:dataMem|altsyncram:data_rtl_0|altsyncram_e4d1:auto_generated                             ; work         ;
;             |altsyncram_hng1:altsyncram1| ; 0 (0)             ; 0 (0)        ; 65536       ; 0            ; 0       ; 0         ; 0    ; 0            ; |Project3|DataMemory:dataMem|altsyncram:data_rtl_0|altsyncram_e4d1:auto_generated|altsyncram_hng1:altsyncram1 ; work         ;
;    |IO_controller:ioCtrl|                 ; 10 (10)           ; 0 (0)        ; 0           ; 0            ; 0       ; 0         ; 0    ; 0            ; |Project3|IO_controller:ioCtrl                                                                                ; work         ;
;    |InstMemory:instMem|                   ; 390 (390)         ; 0 (0)        ; 0           ; 0            ; 0       ; 0         ; 0    ; 0            ; |Project3|InstMemory:instMem                                                                                  ; work         ;
;    |Mux2to1:mucAluIn1|                    ; 32 (32)           ; 0 (0)        ; 0           ; 0            ; 0       ; 0         ; 0    ; 0            ; |Project3|Mux2to1:mucAluIn1                                                                                   ; work         ;
;    |Mux2to1:pipelineMux|                  ; 4 (4)             ; 0 (0)        ; 0           ; 0            ; 0       ; 0         ; 0    ; 0            ; |Project3|Mux2to1:pipelineMux                                                                                 ; work         ;
;    |Mux4to1:muxAluIn2|                    ; 72 (72)           ; 0 (0)        ; 0           ; 0            ; 0       ; 0         ; 0    ; 0            ; |Project3|Mux4to1:muxAluIn2                                                                                   ; work         ;
;    |Mux4to1:muxMemOut|                    ; 106 (106)         ; 0 (0)        ; 0           ; 0            ; 0       ; 0         ; 0    ; 0            ; |Project3|Mux4to1:muxMemOut                                                                                   ; work         ;
;    |Mux4to1:muxPcOut|                     ; 2 (2)             ; 0 (0)        ; 0           ; 0            ; 0       ; 0         ; 0    ; 0            ; |Project3|Mux4to1:muxPcOut                                                                                    ; work         ;
;    |PcLogic:pcLogic|                      ; 30 (30)           ; 0 (0)        ; 0           ; 0            ; 0       ; 0         ; 0    ; 0            ; |Project3|PcLogic:pcLogic                                                                                     ; work         ;
;    |PipelineRegister:pipelineReg|         ; 30 (30)           ; 62 (62)      ; 0           ; 0            ; 0       ; 0         ; 0    ; 0            ; |Project3|PipelineRegister:pipelineReg                                                                        ; work         ;
;    |Register:pc|                          ; 30 (30)           ; 30 (30)      ; 0           ; 0            ; 0       ; 0         ; 0    ; 0            ; |Project3|Register:pc                                                                                         ; work         ;
;    |RegisterFile:regFile|                 ; 680 (680)         ; 512 (512)    ; 0           ; 0            ; 0       ; 0         ; 0    ; 0            ; |Project3|RegisterFile:regFile                                                                                ; work         ;
;    |dec2_7seg:hex0Converter|              ; 7 (7)             ; 0 (0)        ; 0           ; 0            ; 0       ; 0         ; 0    ; 0            ; |Project3|dec2_7seg:hex0Converter                                                                             ; work         ;
;    |dec2_7seg:hex1Converter|              ; 7 (7)             ; 0 (0)        ; 0           ; 0            ; 0       ; 0         ; 0    ; 0            ; |Project3|dec2_7seg:hex1Converter                                                                             ; work         ;
;    |dec2_7seg:hex2Converter|              ; 7 (7)             ; 0 (0)        ; 0           ; 0            ; 0       ; 0         ; 0    ; 0            ; |Project3|dec2_7seg:hex2Converter                                                                             ; work         ;
;    |dec2_7seg:hex3Converter|              ; 7 (7)             ; 0 (0)        ; 0           ; 0            ; 0       ; 0         ; 0    ; 0            ; |Project3|dec2_7seg:hex3Converter                                                                             ; work         ;
;    |negRegister:dataReg|                  ; 12 (12)           ; 11 (11)      ; 0           ; 0            ; 0       ; 0         ; 0    ; 0            ; |Project3|negRegister:dataReg                                                                                 ; work         ;
;    |negRegister:hexReg|                   ; 7 (7)             ; 16 (16)      ; 0           ; 0            ; 0       ; 0         ; 0    ; 0            ; |Project3|negRegister:hexReg                                                                                  ; work         ;
;    |negRegister:keyReg|                   ; 5 (5)             ; 4 (4)        ; 0           ; 0            ; 0       ; 0         ; 0    ; 0            ; |Project3|negRegister:keyReg                                                                                  ; work         ;
;    |negRegister:ledgReg|                  ; 1 (1)             ; 8 (8)        ; 0           ; 0            ; 0       ; 0         ; 0    ; 0            ; |Project3|negRegister:ledgReg                                                                                 ; work         ;
;    |negRegister:ledrReg|                  ; 12 (12)           ; 10 (10)      ; 0           ; 0            ; 0       ; 0         ; 0    ; 0            ; |Project3|negRegister:ledrReg                                                                                 ; work         ;
;    |negRegister:switchReg|                ; 10 (10)           ; 9 (9)        ; 0           ; 0            ; 0       ; 0         ; 0    ; 0            ; |Project3|negRegister:switchReg                                                                               ; work         ;
+-------------------------------------------+-------------------+--------------+-------------+--------------+---------+-----------+------+--------------+---------------------------------------------------------------------------------------------------------------+--------------+
Note: For table entries with two numbers listed, the numbers in parentheses indicate the number of resources of the given type used by the specific entity alone. The numbers listed outside of parentheses indicate the total resources of the given type used by the specific entity and all of its sub-entities in the hierarchy.


+-------------------------------------------------------------------------------------------------------------------------------------------------------------------------------------------------------------------+
; Analysis & Synthesis RAM Summary                                                                                                                                                                                  ;
+----------------------------------------------------------------------------------------------------------------+------+----------------+--------------+--------------+--------------+--------------+-------+------+
; Name                                                                                                           ; Type ; Mode           ; Port A Depth ; Port A Width ; Port B Depth ; Port B Width ; Size  ; MIF  ;
+----------------------------------------------------------------------------------------------------------------+------+----------------+--------------+--------------+--------------+--------------+-------+------+
; DataMemory:dataMem|altsyncram:data_rtl_0|altsyncram_e4d1:auto_generated|altsyncram_hng1:altsyncram1|ALTSYNCRAM ; AUTO ; True Dual Port ; 2048         ; 32           ; 2048         ; 32           ; 65536 ; None ;
+----------------------------------------------------------------------------------------------------------------+------+----------------+--------------+--------------+--------------+--------------+-------+------+


+-------------------------------------------------------------+
; Logic Cells Representing Combinational Loops                ;
+--------------------------------------------------------+----+
; Logic Cell Name                                        ;    ;
+--------------------------------------------------------+----+
; comb~0                                                 ;    ;
; Alu:alu1|Mux24~0                                       ;    ;
; Alu:alu1|Mux26~0                                       ;    ;
; Alu:alu1|Mux27~0                                       ;    ;
; Alu:alu1|Mux28~0                                       ;    ;
; Alu:alu1|Mux29~0                                       ;    ;
; Alu:alu1|Mux30~0                                       ;    ;
; Alu:alu1|Mux31~0                                       ;    ;
; Mux4to1:muxMemOut|Mux25~0                              ;    ;
; IO_controller:ioCtrl|dataMemOutSel[0]~1                ;    ;
; IO_controller:ioCtrl|dataMemOutSel[1]~0                ;    ;
; Alu:alu1|Mux1~0                                        ;    ;
; Alu:alu1|Mux2~0                                        ;    ;
; Mux4to1:muxMemOut|Mux0~0                               ;    ;
; Mux4to1:muxMemOut|Mux16~0                              ;    ;
; Mux4to1:muxMemOut|Mux3~0                               ;    ;
; Mux4to1:muxMemOut|Mux4~0                               ;    ;
; Mux4to1:muxMemOut|Mux5~0                               ;    ;
; Mux4to1:muxMemOut|Mux6~0                               ;    ;
; Mux4to1:muxMemOut|Mux7~0                               ;    ;
; Mux4to1:muxMemOut|Mux8~0                               ;    ;
; Mux4to1:muxMemOut|Mux9~0                               ;    ;
; Mux4to1:muxMemOut|Mux10~0                              ;    ;
; Mux4to1:muxMemOut|Mux11~0                              ;    ;
; Mux4to1:muxMemOut|Mux12~0                              ;    ;
; Mux4to1:muxMemOut|Mux13~0                              ;    ;
; Mux4to1:muxMemOut|Mux14~0                              ;    ;
; Mux4to1:muxMemOut|Mux15~0                              ;    ;
; Mux4to1:muxMemOut|Mux17~0                              ;    ;
; Mux4to1:muxMemOut|Mux18~0                              ;    ;
; Mux4to1:muxMemOut|Mux19~0                              ;    ;
; Mux4to1:muxMemOut|Mux20~0                              ;    ;
; Mux4to1:muxMemOut|Mux21~0                              ;    ;
; Mux4to1:muxMemOut|Mux22~0                              ;    ;
; Mux4to1:muxMemOut|Mux23~0                              ;    ;
; Number of logic cells representing combinational loops ; 35 ;
+--------------------------------------------------------+----+
Note: All cells listed above may not be present at the end of synthesis due to various synthesis optimizations.


+--------------------------------------------------------------------------------------------+
; Registers Removed During Synthesis                                                         ;
+--------------------------------------------+-----------------------------------------------+
; Register name                              ; Reason for Removal                            ;
+--------------------------------------------+-----------------------------------------------+
; negRegister:keyReg|dataOut[5..31]          ; Merged with negRegister:keyReg|dataOut[4]     ;
; negRegister:switchReg|dataOut[11..31]      ; Merged with negRegister:switchReg|dataOut[10] ;
; negRegister:keyReg|dataOut[4]              ; Stuck at GND due to stuck port data_in        ;
; negRegister:switchReg|dataOut[0,10]        ; Stuck at GND due to stuck port data_in        ;
; Register:pc|dataOut[0,1]                   ; Stuck at GND due to stuck port data_in        ;
; PipelineRegister:pipelineReg|nxtPCout[0,1] ; Stuck at GND due to stuck port data_in        ;
; RegisterFile:regFile|data~512              ; Lost fanout                                   ;
; RegisterFile:regFile|data~513              ; Lost fanout                                   ;
; RegisterFile:regFile|data~514              ; Lost fanout                                   ;
; RegisterFile:regFile|data~515              ; Lost fanout                                   ;
; RegisterFile:regFile|data~516              ; Lost fanout                                   ;
; RegisterFile:regFile|data~517              ; Lost fanout                                   ;
; RegisterFile:regFile|data~518              ; Lost fanout                                   ;
; RegisterFile:regFile|data~519              ; Lost fanout                                   ;
; RegisterFile:regFile|data~520              ; Lost fanout                                   ;
; RegisterFile:regFile|data~521              ; Lost fanout                                   ;
; RegisterFile:regFile|data~522              ; Lost fanout                                   ;
; RegisterFile:regFile|data~523              ; Lost fanout                                   ;
; RegisterFile:regFile|data~524              ; Lost fanout                                   ;
; RegisterFile:regFile|data~525              ; Lost fanout                                   ;
; RegisterFile:regFile|data~526              ; Lost fanout                                   ;
; RegisterFile:regFile|data~527              ; Lost fanout                                   ;
; RegisterFile:regFile|data~528              ; Lost fanout                                   ;
; RegisterFile:regFile|data~529              ; Lost fanout                                   ;
; RegisterFile:regFile|data~530              ; Lost fanout                                   ;
; RegisterFile:regFile|data~531              ; Lost fanout                                   ;
; RegisterFile:regFile|data~532              ; Lost fanout                                   ;
; RegisterFile:regFile|data~533              ; Lost fanout                                   ;
; RegisterFile:regFile|data~534              ; Lost fanout                                   ;
; RegisterFile:regFile|data~535              ; Lost fanout                                   ;
; RegisterFile:regFile|data~536              ; Lost fanout                                   ;
; RegisterFile:regFile|data~537              ; Lost fanout                                   ;
; RegisterFile:regFile|data~538              ; Lost fanout                                   ;
; RegisterFile:regFile|data~539              ; Lost fanout                                   ;
; RegisterFile:regFile|data~540              ; Lost fanout                                   ;
; RegisterFile:regFile|data~541              ; Lost fanout                                   ;
; RegisterFile:regFile|data~542              ; Lost fanout                                   ;
; RegisterFile:regFile|data~543              ; Lost fanout                                   ;
; Total Number of Removed Registers = 87     ;                                               ;
+--------------------------------------------+-----------------------------------------------+


+------------------------------------------------------------------------------------------------------------------------------+
; Removed Registers Triggering Further Register Optimizations                                                                  ;
+-------------------------------+---------------------------+------------------------------------------------------------------+
; Register name                 ; Reason for Removal        ; Registers Removed due to This Register                           ;
+-------------------------------+---------------------------+------------------------------------------------------------------+
; negRegister:keyReg|dataOut[4] ; Stuck at GND              ; Register:pc|dataOut[0], PipelineRegister:pipelineReg|nxtPCout[0] ;
;                               ; due to stuck port data_in ;                                                                  ;
; Register:pc|dataOut[1]        ; Stuck at GND              ; PipelineRegister:pipelineReg|nxtPCout[1]                         ;
;                               ; due to stuck port data_in ;                                                                  ;
+-------------------------------+---------------------------+------------------------------------------------------------------+


+------------------------------------------------------+
; General Register Statistics                          ;
+----------------------------------------------+-------+
; Statistic                                    ; Value ;
+----------------------------------------------+-------+
; Total registers                              ; 700   ;
; Number of registers using Synchronous Clear  ; 0     ;
; Number of registers using Synchronous Load   ; 0     ;
; Number of registers using Asynchronous Clear ; 0     ;
; Number of registers using Asynchronous Load  ; 0     ;
; Number of registers using Clock Enable       ; 559   ;
; Number of registers using Preset             ; 0     ;
+----------------------------------------------+-------+


+-----------------------------------------------------+
; Inverted Register Statistics                        ;
+-------------------------------------------+---------+
; Inverted Register                         ; Fan out ;
+-------------------------------------------+---------+
; PipelineRegister:pipelineReg|iwordout[28] ; 14      ;
; PipelineRegister:pipelineReg|iwordout[30] ; 29      ;
; PipelineRegister:pipelineReg|iwordout[29] ; 22      ;
; PipelineRegister:pipelineReg|iwordout[31] ; 35      ;
; PipelineRegister:pipelineReg|iwordout[14] ; 2       ;
; PipelineRegister:pipelineReg|iwordout[18] ; 2       ;
; PipelineRegister:pipelineReg|iwordout[15] ; 2       ;
; PipelineRegister:pipelineReg|iwordout[19] ; 2       ;
; PipelineRegister:pipelineReg|iwordout[12] ; 3       ;
; PipelineRegister:pipelineReg|iwordout[16] ; 2       ;
; PipelineRegister:pipelineReg|iwordout[13] ; 3       ;
; PipelineRegister:pipelineReg|iwordout[17] ; 2       ;
; PipelineRegister:pipelineReg|iwordout[24] ; 2       ;
; PipelineRegister:pipelineReg|iwordout[25] ; 2       ;
; PipelineRegister:pipelineReg|iwordout[27] ; 2       ;
; PipelineRegister:pipelineReg|iwordout[26] ; 1       ;
; PipelineRegister:pipelineReg|iwordout[21] ; 3       ;
; PipelineRegister:pipelineReg|iwordout[20] ; 3       ;
; PipelineRegister:pipelineReg|iwordout[23] ; 18      ;
; PipelineRegister:pipelineReg|iwordout[22] ; 3       ;
; PipelineRegister:pipelineReg|iwordout[11] ; 3       ;
; PipelineRegister:pipelineReg|iwordout[10] ; 3       ;
; PipelineRegister:pipelineReg|iwordout[9]  ; 3       ;
; PipelineRegister:pipelineReg|iwordout[8]  ; 3       ;
; PipelineRegister:pipelineReg|iwordout[7]  ; 3       ;
; PipelineRegister:pipelineReg|iwordout[6]  ; 3       ;
; PipelineRegister:pipelineReg|iwordout[5]  ; 3       ;
; PipelineRegister:pipelineReg|iwordout[4]  ; 3       ;
; PipelineRegister:pipelineReg|nxtPCout[5]  ; 2       ;
; PipelineRegister:pipelineReg|iwordout[3]  ; 2       ;
; PipelineRegister:pipelineReg|iwordout[2]  ; 2       ;
; PipelineRegister:pipelineReg|nxtPCout[3]  ; 3       ;
; PipelineRegister:pipelineReg|iwordout[1]  ; 2       ;
; PipelineRegister:pipelineReg|iwordout[0]  ; 2       ;
; Register:pc|dataOut[6]                    ; 138     ;
; Total number of inverted registers = 35   ;         ;
+-------------------------------------------+---------+


+---------------------------------------------------------------------------------------------------------------------------------------------------------------+
; Multiplexer Restructuring Statistics (Restructuring Performed)                                                                                                ;
+--------------------+-----------+---------------+----------------------+------------------------+------------+-------------------------------------------------+
; Multiplexer Inputs ; Bus Width ; Baseline Area ; Area if Restructured ; Saving if Restructured ; Registered ; Example Multiplexer Output                      ;
+--------------------+-----------+---------------+----------------------+------------------------+------------+-------------------------------------------------+
; 3:1                ; 10 bits   ; 20 LEs        ; 10 LEs               ; 10 LEs                 ; Yes        ; |Project3|negRegister:ledrReg|dataOut[1]        ;
; 3:1                ; 8 bits    ; 16 LEs        ; 8 LEs                ; 8 LEs                  ; Yes        ; |Project3|negRegister:ledgReg|dataOut[3]        ;
; 3:1                ; 16 bits   ; 32 LEs        ; 16 LEs               ; 16 LEs                 ; Yes        ; |Project3|negRegister:hexReg|dataOut[11]        ;
; 3:1                ; 4 bits    ; 8 LEs         ; 4 LEs                ; 4 LEs                  ; Yes        ; |Project3|negRegister:keyReg|dataOut[2]         ;
; 3:1                ; 10 bits   ; 20 LEs        ; 10 LEs               ; 10 LEs                 ; Yes        ; |Project3|negRegister:switchReg|dataOut[2]      ;
; 5:1                ; 2 bits    ; 6 LEs         ; 4 LEs                ; 2 LEs                  ; Yes        ; |Project3|Register:pc|dataOut[1]                ;
; 5:1                ; 29 bits   ; 87 LEs        ; 58 LEs               ; 29 LEs                 ; Yes        ; |Project3|Register:pc|dataOut[16]               ;
; 3:1                ; 2 bits    ; 4 LEs         ; 2 LEs                ; 2 LEs                  ; No         ; |Project3|IO_controller:ioCtrl|dataMemOutSel[0] ;
; 4:1                ; 32 bits   ; 64 LEs        ; 64 LEs               ; 0 LEs                  ; No         ; |Project3|Mux4to1:muxAluIn2|Mux13               ;
; 4:1                ; 2 bits    ; 4 LEs         ; 4 LEs                ; 0 LEs                  ; No         ; |Project3|Controller:cont|Selector11            ;
; 4:1                ; 3 bits    ; 6 LEs         ; 3 LEs                ; 3 LEs                  ; No         ; |Project3|IO_controller:ioCtrl|ledrEn           ;
; 5:1                ; 22 bits   ; 66 LEs        ; 66 LEs               ; 0 LEs                  ; No         ; |Project3|Mux4to1:muxMemOut|Mux3                ;
; 5:1                ; 8 bits    ; 24 LEs        ; 16 LEs               ; 8 LEs                  ; No         ; |Project3|Controller:cont|Selector14            ;
; 7:1                ; 6 bits    ; 24 LEs        ; 18 LEs               ; 6 LEs                  ; No         ; |Project3|Mux4to1:muxMemOut|Mux22               ;
; 7:1                ; 4 bits    ; 16 LEs        ; 16 LEs               ; 0 LEs                  ; No         ; |Project3|Mux4to1:muxMemOut|Mux30               ;
; 13:1               ; 4 bits    ; 32 LEs        ; 16 LEs               ; 16 LEs                 ; No         ; |Project3|Controller:cont|Mux2                  ;
; 5:1                ; 2 bits    ; 6 LEs         ; 6 LEs                ; 0 LEs                  ; No         ; |Project3|Controller:cont|Selector8             ;
; 8:1                ; 4 bits    ; 20 LEs        ; 8 LEs                ; 12 LEs                 ; No         ; |Project3|Controller:cont|Selector3             ;
; 32:1               ; 15 bits   ; 315 LEs       ; 90 LEs               ; 225 LEs                ; No         ; |Project3|Alu:alu1|Mux17                        ;
; 32:1               ; 16 bits   ; 336 LEs       ; 128 LEs              ; 208 LEs                ; No         ; |Project3|Alu:alu1|Mux8                         ;
; 7:1                ; 4 bits    ; 16 LEs        ; 8 LEs                ; 8 LEs                  ; No         ; |Project3|Controller:cont|Selector4             ;
; 7:1                ; 2 bits    ; 8 LEs         ; 6 LEs                ; 2 LEs                  ; No         ; |Project3|Controller:cont|Selector20            ;
+--------------------+-----------+---------------+----------------------+------------------------+------------+-------------------------------------------------+


+------------------------------------------------------------------------------------------------+
; Source assignments for DataMemory:dataMem|altsyncram:data_rtl_0|altsyncram_e4d1:auto_generated ;
+---------------------------------+--------------------+------+----------------------------------+
; Assignment                      ; Value              ; From ; To                               ;
+---------------------------------+--------------------+------+----------------------------------+
; OPTIMIZE_POWER_DURING_SYNTHESIS ; NORMAL_COMPILATION ; -    ; -                                ;
+---------------------------------+--------------------+------+----------------------------------+


+----------------------------------------------------------------------------------------------------------------------------+
; Source assignments for DataMemory:dataMem|altsyncram:data_rtl_0|altsyncram_e4d1:auto_generated|altsyncram_hng1:altsyncram1 ;
+---------------------------------+--------------------+------+--------------------------------------------------------------+
; Assignment                      ; Value              ; From ; To                                                           ;
+---------------------------------+--------------------+------+--------------------------------------------------------------+
; OPTIMIZE_POWER_DURING_SYNTHESIS ; NORMAL_COMPILATION ; -    ; -                                                            ;
+---------------------------------+--------------------+------+--------------------------------------------------------------+


+--------------------------------------------------------------------------+
; Parameter Settings for User Entity Instance: Top-level Entity: |Project3 ;
+---------------------+----------------------------------+-----------------+
; Parameter Name      ; Value                            ; Type            ;
+---------------------+----------------------------------+-----------------+
; DBITS               ; 32                               ; Signed Integer  ;
; INST_SIZE           ; 00000000000000000000000000000100 ; Unsigned Binary ;
; INST_BIT_WIDTH      ; 32                               ; Signed Integer  ;
; START_PC            ; 00000000000000000000000001000000 ; Unsigned Binary ;
; REG_INDEX_BIT_WIDTH ; 4                                ; Signed Integer  ;
; ADDR_KEY            ; 11110000000000000000000000010000 ; Unsigned Binary ;
; ADDR_SW             ; 11110000000000000000000000010100 ; Unsigned Binary ;
; ADDR_HEX            ; 11110000000000000000000000000000 ; Unsigned Binary ;
; ADDR_LEDR           ; 11110000000000000000000000000100 ; Unsigned Binary ;
; ADDR_LEDG           ; 11110000000000000000000000001000 ; Unsigned Binary ;
; IMEM_INIT_FILE      ; Test2.mif                        ; String          ;
; IMEM_ADDR_BIT_WIDTH ; 11                               ; Signed Integer  ;
; IMEM_DATA_BIT_WIDTH ; 32                               ; Signed Integer  ;
; IMEM_PC_BITS_HI     ; 13                               ; Signed Integer  ;
; IMEM_PC_BITS_LO     ; 2                                ; Signed Integer  ;
; DMEM_ADDR_BIT_WIDTH ; 11                               ; Signed Integer  ;
; DMEM_DATA_BIT_WIDTH ; 32                               ; Signed Integer  ;
; DMEM_ADDR_BITS_HI   ; 13                               ; Signed Integer  ;
; DMEM_ADDR_BITS_LO   ; 2                                ; Signed Integer  ;
; OP1_ALUR            ; 0000                             ; Unsigned Binary ;
; OP1_ALUI            ; 1000                             ; Unsigned Binary ;
; OP1_CMPR            ; 0010                             ; Unsigned Binary ;
; OP1_CMPI            ; 1010                             ; Unsigned Binary ;
; OP1_BCOND           ; 0110                             ; Unsigned Binary ;
; OP1_SW              ; 0101                             ; Unsigned Binary ;
; OP1_LW              ; 1001                             ; Unsigned Binary ;
; OP1_JAL             ; 1011                             ; Unsigned Binary ;
+---------------------+----------------------------------+-----------------+
Note: In order to hide this table in the UI and the text report file, please set the "Show Parameter Settings in Synthesis Report" option in "Analysis and Synthesis Settings -> More Settings" to "Off".


+---------------------------------------------------------------+
; Parameter Settings for User Entity Instance: ClkDivider:clkdi ;
+----------------+----------+-----------------------------------+
; Parameter Name ; Value    ; Type                              ;
+----------------+----------+-----------------------------------+
; divider        ; 25000000 ; Signed Integer                    ;
; len            ; 31       ; Signed Integer                    ;
+----------------+----------+-----------------------------------+
Note: In order to hide this table in the UI and the text report file, please set the "Show Parameter Settings in Synthesis Report" option in "Analysis and Synthesis Settings -> More Settings" to "Off".


+---------------------------------------------------------------------+
; Parameter Settings for User Entity Instance: Register:pc            ;
+----------------+----------------------------------+-----------------+
; Parameter Name ; Value                            ; Type            ;
+----------------+----------------------------------+-----------------+
; BIT_WIDTH      ; 32                               ; Signed Integer  ;
; RESET_VALUE    ; 00000000000000000000000001000000 ; Unsigned Binary ;
+----------------+----------------------------------+-----------------+
Note: In order to hide this table in the UI and the text report file, please set the "Show Parameter Settings in Synthesis Report" option in "Analysis and Synthesis Settings -> More Settings" to "Off".


+--------------------------------------------------------------+
; Parameter Settings for User Entity Instance: PcLogic:pcLogic ;
+----------------+-------+-------------------------------------+
; Parameter Name ; Value ; Type                                ;
+----------------+-------+-------------------------------------+
; PC_BIT_WIDTH   ; 32    ; Signed Integer                      ;
+----------------+-------+-------------------------------------+
Note: In order to hide this table in the UI and the text report file, please set the "Show Parameter Settings in Synthesis Report" option in "Analysis and Synthesis Settings -> More Settings" to "Off".


+---------------------------------------------------------------+
; Parameter Settings for User Entity Instance: Mux4to1:muxPcOut ;
+----------------+-------+--------------------------------------+
; Parameter Name ; Value ; Type                                 ;
+----------------+-------+--------------------------------------+
; DATA_BIT_WIDTH ; 32    ; Signed Integer                       ;
+----------------+-------+--------------------------------------+
Note: In order to hide this table in the UI and the text report file, please set the "Show Parameter Settings in Synthesis Report" option in "Analysis and Synthesis Settings -> More Settings" to "Off".


+-----------------------------------------------------------------+
; Parameter Settings for User Entity Instance: InstMemory:instMem ;
+----------------+-----------+------------------------------------+
; Parameter Name ; Value     ; Type                               ;
+----------------+-----------+------------------------------------+
; MEM_INIT_FILE  ; Test2.mif ; String                             ;
; ADDR_BIT_WIDTH ; 11        ; Signed Integer                     ;
; DATA_BIT_WIDTH ; 32        ; Signed Integer                     ;
; N_WORDS        ; 2048      ; Signed Integer                     ;
+----------------+-----------+------------------------------------+
Note: In order to hide this table in the UI and the text report file, please set the "Show Parameter Settings in Synthesis Report" option in "Analysis and Synthesis Settings -> More Settings" to "Off".


+---------------------------------------------------------------------------+
; Parameter Settings for User Entity Instance: PipelineRegister:pipelineReg ;
+-------------------+----------------------------------+--------------------+
; Parameter Name    ; Value                            ; Type               ;
+-------------------+----------------------------------+--------------------+
; PC_BIT_WIDTH      ; 32                               ; Signed Integer     ;
; IWORD_BIT_WIDTH   ; 32                               ; Signed Integer     ;
; PC_RESET_VALUE    ; 40                               ; Signed Integer     ;
; IWORD_RESET_VALUE ; 11111111111111111111111111111111 ; Unsigned Binary    ;
+-------------------+----------------------------------+--------------------+
Note: In order to hide this table in the UI and the text report file, please set the "Show Parameter Settings in Synthesis Report" option in "Analysis and Synthesis Settings -> More Settings" to "Off".


+------------------------------------------------------------------+
; Parameter Settings for User Entity Instance: Mux2to1:pipelineMux ;
+----------------+-------+-----------------------------------------+
; Parameter Name ; Value ; Type                                    ;
+----------------+-------+-----------------------------------------+
; DATA_BIT_WIDTH ; 32    ; Signed Integer                          ;
+----------------+-------+-----------------------------------------+
Note: In order to hide this table in the UI and the text report file, please set the "Show Parameter Settings in Synthesis Report" option in "Analysis and Synthesis Settings -> More Settings" to "Off".


+--------------------------------------------------------------+
; Parameter Settings for User Entity Instance: Controller:cont ;
+----------------+-------+-------------------------------------+
; Parameter Name ; Value ; Type                                ;
+----------------+-------+-------------------------------------+
; INST_BIT_WIDTH ; 32    ; Signed Integer                      ;
+----------------+-------+-------------------------------------+
Note: In order to hide this table in the UI and the text report file, please set the "Show Parameter Settings in Synthesis Report" option in "Analysis and Synthesis Settings -> More Settings" to "Off".


+-------------------------------------------------------------------+
; Parameter Settings for User Entity Instance: RegisterFile:regFile ;
+-----------------+-------+-----------------------------------------+
; Parameter Name  ; Value ; Type                                    ;
+-----------------+-------+-----------------------------------------+
; INDEX_BIT_WIDTH ; 4     ; Signed Integer                          ;
; DATA_BIT_WIDTH  ; 32    ; Signed Integer                          ;
; N_REGS          ; 16    ; Signed Integer                          ;
+-----------------+-------+-----------------------------------------+
Note: In order to hide this table in the UI and the text report file, please set the "Show Parameter Settings in Synthesis Report" option in "Analysis and Synthesis Settings -> More Settings" to "Off".


+---------------------------------------------------------------+
; Parameter Settings for User Entity Instance: SignExtension:se ;
+----------------+-------+--------------------------------------+
; Parameter Name ; Value ; Type                                 ;
+----------------+-------+--------------------------------------+
; IN_BIT_WIDTH   ; 16    ; Signed Integer                       ;
; OUT_BIT_WIDTH  ; 32    ; Signed Integer                       ;
+----------------+-------+--------------------------------------+
Note: In order to hide this table in the UI and the text report file, please set the "Show Parameter Settings in Synthesis Report" option in "Analysis and Synthesis Settings -> More Settings" to "Off".


+----------------------------------------------------------------+
; Parameter Settings for User Entity Instance: Mux2to1:mucAluIn1 ;
+----------------+-------+---------------------------------------+
; Parameter Name ; Value ; Type                                  ;
+----------------+-------+---------------------------------------+
; DATA_BIT_WIDTH ; 32    ; Signed Integer                        ;
+----------------+-------+---------------------------------------+
Note: In order to hide this table in the UI and the text report file, please set the "Show Parameter Settings in Synthesis Report" option in "Analysis and Synthesis Settings -> More Settings" to "Off".


+----------------------------------------------------------------+
; Parameter Settings for User Entity Instance: Mux4to1:muxAluIn2 ;
+----------------+-------+---------------------------------------+
; Parameter Name ; Value ; Type                                  ;
+----------------+-------+---------------------------------------+
; DATA_BIT_WIDTH ; 32    ; Signed Integer                        ;
+----------------+-------+---------------------------------------+
Note: In order to hide this table in the UI and the text report file, please set the "Show Parameter Settings in Synthesis Report" option in "Analysis and Synthesis Settings -> More Settings" to "Off".


+-------------------------------------------------------+
; Parameter Settings for User Entity Instance: Alu:alu1 ;
+------------------+-------+----------------------------+
; Parameter Name   ; Value ; Type                       ;
+------------------+-------+----------------------------+
; DATA_BIT_WIDTH   ; 32    ; Signed Integer             ;
; CTRL_BIT_WIDTH   ; 5     ; Signed Integer             ;
; CMPOUT_BIT_WIDTH ; 3     ; Signed Integer             ;
+------------------+-------+----------------------------+
Note: In order to hide this table in the UI and the text report file, please set the "Show Parameter Settings in Synthesis Report" option in "Analysis and Synthesis Settings -> More Settings" to "Off".


+------------------------------------------------------------------+
; Parameter Settings for User Entity Instance: negRegister:dataReg ;
+----------------+-------+-----------------------------------------+
; Parameter Name ; Value ; Type                                    ;
+----------------+-------+-----------------------------------------+
; BIT_WIDTH      ; 32    ; Signed Integer                          ;
; RESET_VALUE    ; 0     ; Signed Integer                          ;
+----------------+-------+-----------------------------------------+
Note: In order to hide this table in the UI and the text report file, please set the "Show Parameter Settings in Synthesis Report" option in "Analysis and Synthesis Settings -> More Settings" to "Off".


+-----------------------------------------------------------------+
; Parameter Settings for User Entity Instance: DataMemory:dataMem ;
+----------------+-------+----------------------------------------+
; Parameter Name ; Value ; Type                                   ;
+----------------+-------+----------------------------------------+
; ADDR_BIT_WIDTH ; 11    ; Signed Integer                         ;
; DATA_BIT_WIDTH ; 32    ; Signed Integer                         ;
; N_WORDS        ; 2048  ; Signed Integer                         ;
+----------------+-------+----------------------------------------+
Note: In order to hide this table in the UI and the text report file, please set the "Show Parameter Settings in Synthesis Report" option in "Analysis and Synthesis Settings -> More Settings" to "Off".


+----------------------------------------------------------------+
; Parameter Settings for User Entity Instance: Mux4to1:muxMemOut ;
+----------------+-------+---------------------------------------+
; Parameter Name ; Value ; Type                                  ;
+----------------+-------+---------------------------------------+
; DATA_BIT_WIDTH ; 32    ; Signed Integer                        ;
+----------------+-------+---------------------------------------+
Note: In order to hide this table in the UI and the text report file, please set the "Show Parameter Settings in Synthesis Report" option in "Analysis and Synthesis Settings -> More Settings" to "Off".


+--------------------------------------------------------------------+
; Parameter Settings for User Entity Instance: Mux4to1:muxDataMemOut ;
+----------------+-------+-------------------------------------------+
; Parameter Name ; Value ; Type                                      ;
+----------------+-------+-------------------------------------------+
; DATA_BIT_WIDTH ; 32    ; Signed Integer                            ;
+----------------+-------+-------------------------------------------+
Note: In order to hide this table in the UI and the text report file, please set the "Show Parameter Settings in Synthesis Report" option in "Analysis and Synthesis Settings -> More Settings" to "Off".


+-----------------------------------------------------------------------+
; Parameter Settings for User Entity Instance: BranchAddrCalculator:bac ;
+----------------+-------+----------------------------------------------+
; Parameter Name ; Value ; Type                                         ;
+----------------+-------+----------------------------------------------+
; PC_BIT_WIDTH   ; 32    ; Signed Integer                               ;
+----------------+-------+----------------------------------------------+
Note: In order to hide this table in the UI and the text report file, please set the "Show Parameter Settings in Synthesis Report" option in "Analysis and Synthesis Settings -> More Settings" to "Off".


+--------------------------------------------------------------------+
; Parameter Settings for User Entity Instance: negRegister:switchReg ;
+----------------+-------+-------------------------------------------+
; Parameter Name ; Value ; Type                                      ;
+----------------+-------+-------------------------------------------+
; BIT_WIDTH      ; 32    ; Signed Integer                            ;
; RESET_VALUE    ; 0     ; Signed Integer                            ;
+----------------+-------+-------------------------------------------+
Note: In order to hide this table in the UI and the text report file, please set the "Show Parameter Settings in Synthesis Report" option in "Analysis and Synthesis Settings -> More Settings" to "Off".


+------------------------------------------------------------------+
; Parameter Settings for User Entity Instance: negRegister:ledrReg ;
+----------------+-------+-----------------------------------------+
; Parameter Name ; Value ; Type                                    ;
+----------------+-------+-----------------------------------------+
; BIT_WIDTH      ; 32    ; Signed Integer                          ;
; RESET_VALUE    ; 0     ; Signed Integer                          ;
+----------------+-------+-----------------------------------------+
Note: In order to hide this table in the UI and the text report file, please set the "Show Parameter Settings in Synthesis Report" option in "Analysis and Synthesis Settings -> More Settings" to "Off".


+------------------------------------------------------------------+
; Parameter Settings for User Entity Instance: negRegister:ledgReg ;
+----------------+-------+-----------------------------------------+
; Parameter Name ; Value ; Type                                    ;
+----------------+-------+-----------------------------------------+
; BIT_WIDTH      ; 32    ; Signed Integer                          ;
; RESET_VALUE    ; 0     ; Signed Integer                          ;
+----------------+-------+-----------------------------------------+
Note: In order to hide this table in the UI and the text report file, please set the "Show Parameter Settings in Synthesis Report" option in "Analysis and Synthesis Settings -> More Settings" to "Off".


+-----------------------------------------------------------------+
; Parameter Settings for User Entity Instance: negRegister:keyReg ;
+----------------+-------+----------------------------------------+
; Parameter Name ; Value ; Type                                   ;
+----------------+-------+----------------------------------------+
; BIT_WIDTH      ; 32    ; Signed Integer                         ;
; RESET_VALUE    ; 0     ; Signed Integer                         ;
+----------------+-------+----------------------------------------+
Note: In order to hide this table in the UI and the text report file, please set the "Show Parameter Settings in Synthesis Report" option in "Analysis and Synthesis Settings -> More Settings" to "Off".


+-----------------------------------------------------------------+
; Parameter Settings for User Entity Instance: negRegister:hexReg ;
+----------------+-------+----------------------------------------+
; Parameter Name ; Value ; Type                                   ;
+----------------+-------+----------------------------------------+
; BIT_WIDTH      ; 32    ; Signed Integer                         ;
; RESET_VALUE    ; 0     ; Signed Integer                         ;
+----------------+-------+----------------------------------------+
Note: In order to hide this table in the UI and the text report file, please set the "Show Parameter Settings in Synthesis Report" option in "Analysis and Synthesis Settings -> More Settings" to "Off".


+-------------------------------------------------------------------------------------------+
; Parameter Settings for Inferred Entity Instance: DataMemory:dataMem|altsyncram:data_rtl_0 ;
+------------------------------------+----------------------+-------------------------------+
; Parameter Name                     ; Value                ; Type                          ;
+------------------------------------+----------------------+-------------------------------+
; BYTE_SIZE_BLOCK                    ; 8                    ; Untyped                       ;
; AUTO_CARRY_CHAINS                  ; ON                   ; AUTO_CARRY                    ;
; IGNORE_CARRY_BUFFERS               ; OFF                  ; IGNORE_CARRY                  ;
; AUTO_CASCADE_CHAINS                ; ON                   ; AUTO_CASCADE                  ;
; IGNORE_CASCADE_BUFFERS             ; OFF                  ; IGNORE_CASCADE                ;
; WIDTH_BYTEENA                      ; 1                    ; Untyped                       ;
; OPERATION_MODE                     ; DUAL_PORT            ; Untyped                       ;
; WIDTH_A                            ; 32                   ; Untyped                       ;
; WIDTHAD_A                          ; 11                   ; Untyped                       ;
; NUMWORDS_A                         ; 2048                 ; Untyped                       ;
; OUTDATA_REG_A                      ; UNREGISTERED         ; Untyped                       ;
; ADDRESS_ACLR_A                     ; NONE                 ; Untyped                       ;
; OUTDATA_ACLR_A                     ; NONE                 ; Untyped                       ;
; WRCONTROL_ACLR_A                   ; NONE                 ; Untyped                       ;
; INDATA_ACLR_A                      ; NONE                 ; Untyped                       ;
; BYTEENA_ACLR_A                     ; NONE                 ; Untyped                       ;
; WIDTH_B                            ; 32                   ; Untyped                       ;
; WIDTHAD_B                          ; 11                   ; Untyped                       ;
; NUMWORDS_B                         ; 2048                 ; Untyped                       ;
; INDATA_REG_B                       ; CLOCK1               ; Untyped                       ;
; WRCONTROL_WRADDRESS_REG_B          ; CLOCK1               ; Untyped                       ;
; RDCONTROL_REG_B                    ; CLOCK1               ; Untyped                       ;
; ADDRESS_REG_B                      ; CLOCK1               ; Untyped                       ;
; OUTDATA_REG_B                      ; UNREGISTERED         ; Untyped                       ;
; BYTEENA_REG_B                      ; CLOCK1               ; Untyped                       ;
; INDATA_ACLR_B                      ; NONE                 ; Untyped                       ;
; WRCONTROL_ACLR_B                   ; NONE                 ; Untyped                       ;
; ADDRESS_ACLR_B                     ; NONE                 ; Untyped                       ;
; OUTDATA_ACLR_B                     ; NONE                 ; Untyped                       ;
; RDCONTROL_ACLR_B                   ; NONE                 ; Untyped                       ;
; BYTEENA_ACLR_B                     ; NONE                 ; Untyped                       ;
; WIDTH_BYTEENA_A                    ; 1                    ; Untyped                       ;
; WIDTH_BYTEENA_B                    ; 1                    ; Untyped                       ;
; RAM_BLOCK_TYPE                     ; AUTO                 ; Untyped                       ;
; BYTE_SIZE                          ; 8                    ; Untyped                       ;
; READ_DURING_WRITE_MODE_MIXED_PORTS ; DONT_CARE            ; Untyped                       ;
; READ_DURING_WRITE_MODE_PORT_A      ; NEW_DATA_NO_NBE_READ ; Untyped                       ;
; READ_DURING_WRITE_MODE_PORT_B      ; NEW_DATA_NO_NBE_READ ; Untyped                       ;
; INIT_FILE                          ; UNUSED               ; Untyped                       ;
; INIT_FILE_LAYOUT                   ; PORT_A               ; Untyped                       ;
; MAXIMUM_DEPTH                      ; 0                    ; Untyped                       ;
; CLOCK_ENABLE_INPUT_A               ; NORMAL               ; Untyped                       ;
; CLOCK_ENABLE_INPUT_B               ; NORMAL               ; Untyped                       ;
; CLOCK_ENABLE_OUTPUT_A              ; NORMAL               ; Untyped                       ;
; CLOCK_ENABLE_OUTPUT_B              ; NORMAL               ; Untyped                       ;
; CLOCK_ENABLE_CORE_A                ; USE_INPUT_CLKEN      ; Untyped                       ;
; CLOCK_ENABLE_CORE_B                ; USE_INPUT_CLKEN      ; Untyped                       ;
; ENABLE_ECC                         ; FALSE                ; Untyped                       ;
; ECC_PIPELINE_STAGE_ENABLED         ; FALSE                ; Untyped                       ;
; WIDTH_ECCSTATUS                    ; 3                    ; Untyped                       ;
; DEVICE_FAMILY                      ; Cyclone II           ; Untyped                       ;
; CBXI_PARAMETER                     ; altsyncram_e4d1      ; Untyped                       ;
+------------------------------------+----------------------+-------------------------------+
Note: In order to hide this table in the UI and the text report file, please set the "Show Parameter Settings in Synthesis Report" option in "Analysis and Synthesis Settings -> More Settings" to "Off".


+--------------------------------------------------------------------------------------+
; altsyncram Parameter Settings by Entity Instance                                     ;
+-------------------------------------------+------------------------------------------+
; Name                                      ; Value                                    ;
+-------------------------------------------+------------------------------------------+
; Number of entity instances                ; 1                                        ;
; Entity Instance                           ; DataMemory:dataMem|altsyncram:data_rtl_0 ;
;     -- OPERATION_MODE                     ; DUAL_PORT                                ;
;     -- WIDTH_A                            ; 32                                       ;
;     -- NUMWORDS_A                         ; 2048                                     ;
;     -- OUTDATA_REG_A                      ; UNREGISTERED                             ;
;     -- WIDTH_B                            ; 32                                       ;
;     -- NUMWORDS_B                         ; 2048                                     ;
;     -- ADDRESS_REG_B                      ; CLOCK1                                   ;
;     -- OUTDATA_REG_B                      ; UNREGISTERED                             ;
;     -- RAM_BLOCK_TYPE                     ; AUTO                                     ;
;     -- READ_DURING_WRITE_MODE_MIXED_PORTS ; DONT_CARE                                ;
+-------------------------------------------+------------------------------------------+


+---------------------------------------------------------------------------------------------------------------------------+
; Port Connectivity Checks: "negRegister:hexReg"                                                                            ;
+-----------------+--------+----------+-------------------------------------------------------------------------------------+
; Port            ; Type   ; Severity ; Details                                                                             ;
+-----------------+--------+----------+-------------------------------------------------------------------------------------+
; dataOut[31..16] ; Output ; Info     ; Connected to dangling logic. Logic that only feeds a dangling port will be removed. ;
+-----------------+--------+----------+-------------------------------------------------------------------------------------+


+-------------------------------------------------+
; Port Connectivity Checks: "negRegister:keyReg"  ;
+---------------+-------+----------+--------------+
; Port          ; Type  ; Severity ; Details      ;
+---------------+-------+----------+--------------+
; dataIn[31..4] ; Input ; Info     ; Stuck at GND ;
+---------------+-------+----------+--------------+


+--------------------------------------------------------------------------------------------------------------------------+
; Port Connectivity Checks: "negRegister:ledgReg"                                                                          ;
+----------------+--------+----------+-------------------------------------------------------------------------------------+
; Port           ; Type   ; Severity ; Details                                                                             ;
+----------------+--------+----------+-------------------------------------------------------------------------------------+
; dataOut[31..8] ; Output ; Info     ; Connected to dangling logic. Logic that only feeds a dangling port will be removed. ;
+----------------+--------+----------+-------------------------------------------------------------------------------------+


+---------------------------------------------------------------------------------------------------------------------------+
; Port Connectivity Checks: "negRegister:ledrReg"                                                                           ;
+-----------------+--------+----------+-------------------------------------------------------------------------------------+
; Port            ; Type   ; Severity ; Details                                                                             ;
+-----------------+--------+----------+-------------------------------------------------------------------------------------+
; dataOut[31..10] ; Output ; Info     ; Connected to dangling logic. Logic that only feeds a dangling port will be removed. ;
+-----------------+--------+----------+-------------------------------------------------------------------------------------+


+---------------------------------------------------+
; Port Connectivity Checks: "negRegister:switchReg" ;
+----------------+-------+----------+---------------+
; Port           ; Type  ; Severity ; Details       ;
+----------------+-------+----------+---------------+
; dataIn[31..10] ; Input ; Info     ; Stuck at GND  ;
+----------------+-------+----------+---------------+


+---------------------------------------------------+
; Port Connectivity Checks: "Mux4to1:muxDataMemOut" ;
+------+-------+----------+-------------------------+
; Port ; Type  ; Severity ; Details                 ;
+------+-------+----------+-------------------------+
; dIn3 ; Input ; Info     ; Stuck at GND            ;
+------+-------+----------+-------------------------+


+-----------------------------------------------+
; Port Connectivity Checks: "Mux4to1:muxMemOut" ;
+------+-------+----------+---------------------+
; Port ; Type  ; Severity ; Details             ;
+------+-------+----------+---------------------+
; dIn3 ; Input ; Info     ; Stuck at GND        ;
+------+-------+----------+---------------------+


+---------------------------------------------------------------------------------------------------------------------------+
; Port Connectivity Checks: "negRegister:dataReg"                                                                           ;
+-----------------+--------+----------+-------------------------------------------------------------------------------------+
; Port            ; Type   ; Severity ; Details                                                                             ;
+-----------------+--------+----------+-------------------------------------------------------------------------------------+
; wrtEn           ; Input  ; Info     ; Stuck at VCC                                                                        ;
; dataOut[31..13] ; Output ; Info     ; Connected to dangling logic. Logic that only feeds a dangling port will be removed. ;
; dataOut[1..0]   ; Output ; Info     ; Connected to dangling logic. Logic that only feeds a dangling port will be removed. ;
+-----------------+--------+----------+-------------------------------------------------------------------------------------+


+-------------------------------------------------+
; Port Connectivity Checks: "Mux2to1:pipelineMux" ;
+------+-------+----------+-----------------------+
; Port ; Type  ; Severity ; Details               ;
+------+-------+----------+-----------------------+
; dIn1 ; Input ; Info     ; Stuck at VCC          ;
+------+-------+----------+-----------------------+


+----------------------------------------------------------+
; Port Connectivity Checks: "PipelineRegister:pipelineReg" ;
+-------+-------+----------+-------------------------------+
; Port  ; Type  ; Severity ; Details                       ;
+-------+-------+----------+-------------------------------+
; wrtEn ; Input ; Info     ; Stuck at VCC                  ;
+-------+-------+----------+-------------------------------+


+----------------------------------------------+
; Port Connectivity Checks: "Mux4to1:muxPcOut" ;
+------+-------+----------+--------------------+
; Port ; Type  ; Severity ; Details            ;
+------+-------+----------+--------------------+
; dIn1 ; Input ; Info     ; Stuck at GND       ;
+------+-------+----------+--------------------+


+-----------------------------------------+
; Port Connectivity Checks: "Register:pc" ;
+-------+-------+----------+--------------+
; Port  ; Type  ; Severity ; Details      ;
+-------+-------+----------+--------------+
; wrtEn ; Input ; Info     ; Stuck at VCC ;
+-------+-------+----------+--------------+


+-------------------------------+
; Elapsed Time Per Partition    ;
+----------------+--------------+
; Partition Name ; Elapsed Time ;
+----------------+--------------+
; Top            ; 00:00:21     ;
+----------------+--------------+


+-------------------------------+
; Analysis & Synthesis Messages ;
+-------------------------------+
Info: *******************************************************************
Info: Running Quartus II 64-Bit Analysis & Synthesis
    Info: Version 13.0.1 Build 232 06/12/2013 Service Pack 1 SJ Web Edition
    Info: Processing started: Sat Nov 15 18:17:41 2014
Info: Command: quartus_map --read_settings_files=on --write_settings_files=off Project3 -c Debug
Warning (20028): Parallel compilation is not licensed and has been disabled
Info (12021): Found 1 design units, including 1 entities, in source file negregister.v
    Info (12023): Found entity 1: negRegister
Info (12021): Found 1 design units, including 1 entities, in source file pclogic.v
    Info (12023): Found entity 1: PcLogic
Info (12021): Found 1 design units, including 1 entities, in source file alu.v
    Info (12023): Found entity 1: Alu
Info (12021): Found 1 design units, including 1 entities, in source file instmemory.v
    Info (12023): Found entity 1: InstMemory
Info (12021): Found 1 design units, including 1 entities, in source file register.v
    Info (12023): Found entity 1: Register
Warning (12019): Can't analyze file -- file Project2.v is missing
Info (12021): Found 1 design units, including 1 entities, in source file sevenseg.v
    Info (12023): Found entity 1: SevenSeg
Info (12021): Found 1 design units, including 1 entities, in source file signextension.v
    Info (12023): Found entity 1: SignExtension
Info (12021): Found 1 design units, including 1 entities, in source file pll.v
    Info (12023): Found entity 1: PLL
Info (12021): Found 1 design units, including 1 entities, in source file controller.v
    Info (12023): Found entity 1: Controller
Info (12021): Found 1 design units, including 1 entities, in source file mux2to1.v
    Info (12023): Found entity 1: Mux2to1
Info (12021): Found 1 design units, including 1 entities, in source file registerfile.v
    Info (12023): Found entity 1: RegisterFile
Info (12021): Found 1 design units, including 1 entities, in source file datamemory.v
    Info (12023): Found entity 1: DataMemory
Info (12021): Found 1 design units, including 1 entities, in source file branchaddrcalculator.v
    Info (12023): Found entity 1: BranchAddrCalculator
Info (12021): Found 1 design units, including 1 entities, in source file comparator.v
    Info (12023): Found entity 1: comparator
Info (12021): Found 1 design units, including 1 entities, in source file mux4to1.v
    Info (12023): Found entity 1: Mux4to1
Info (12021): Found 1 design units, including 1 entities, in source file pipelineregister.v
    Info (12023): Found entity 1: PipelineRegister
Info (12021): Found 1 design units, including 1 entities, in source file pcselector.v
    Info (12023): Found entity 1: PCSelector
Warning (12125): Using design file project3.v, which is not specified as a design file for the current project, but contains definitions for 4 design units and 4 entities in project
    Info (12023): Found entity 1: ClkDivider
    Info (12023): Found entity 2: Project3
    Info (12023): Found entity 3: IO_controller
    Info (12023): Found entity 4: dec2_7seg
Info (12127): Elaborating entity "Project3" for the top level hierarchy
Info (12128): Elaborating entity "ClkDivider" for hierarchy "ClkDivider:clkdi"
Info (12128): Elaborating entity "Register" for hierarchy "Register:pc"
Info (12128): Elaborating entity "PcLogic" for hierarchy "PcLogic:pcLogic"
Info (12128): Elaborating entity "Mux4to1" for hierarchy "Mux4to1:muxPcOut"
Info (12128): Elaborating entity "InstMemory" for hierarchy "InstMemory:instMem"
Warning (10858): Verilog HDL warning at InstMemory.v(11): object data used but never assigned
Info (12128): Elaborating entity "PipelineRegister" for hierarchy "PipelineRegister:pipelineReg"
Info (12128): Elaborating entity "Mux2to1" for hierarchy "Mux2to1:pipelineMux"
Info (12128): Elaborating entity "Controller" for hierarchy "Controller:cont"
Info (12128): Elaborating entity "RegisterFile" for hierarchy "RegisterFile:regFile"
Info (12128): Elaborating entity "SignExtension" for hierarchy "SignExtension:se"
Info (12128): Elaborating entity "Alu" for hierarchy "Alu:alu1"
Info (12128): Elaborating entity "negRegister" for hierarchy "negRegister:dataReg"
Info (12128): Elaborating entity "DataMemory" for hierarchy "DataMemory:dataMem"
Info (12128): Elaborating entity "BranchAddrCalculator" for hierarchy "BranchAddrCalculator:bac"
Info (12128): Elaborating entity "IO_controller" for hierarchy "IO_controller:ioCtrl"
Info (12128): Elaborating entity "dec2_7seg" for hierarchy "dec2_7seg:hex0Converter"
Warning (276027): Inferred dual-clock RAM node "DataMemory:dataMem|data_rtl_0" from synchronous design logic.  The read-during-write behavior of a dual-clock RAM is undefined and may not match the behavior of the original design.
Info (276014): Found 2 instances of uninferred RAM logic
    Info (276007): RAM logic "RegisterFile:regFile|data" is uninferred due to asynchronous read logic
    Info (276007): RAM logic "InstMemory:instMem|data" is uninferred due to asynchronous read logic
Info (19000): Inferred 1 megafunctions from design logic
    Info (276029): Inferred altsyncram megafunction from the following design logic: "DataMemory:dataMem|data_rtl_0" 
        Info (286033): Parameter OPERATION_MODE set to DUAL_PORT
        Info (286033): Parameter WIDTH_A set to 32
        Info (286033): Parameter WIDTHAD_A set to 11
        Info (286033): Parameter NUMWORDS_A set to 2048
        Info (286033): Parameter WIDTH_B set to 32
        Info (286033): Parameter WIDTHAD_B set to 11
        Info (286033): Parameter NUMWORDS_B set to 2048
        Info (286033): Parameter ADDRESS_ACLR_A set to NONE
        Info (286033): Parameter OUTDATA_REG_B set to UNREGISTERED
        Info (286033): Parameter ADDRESS_ACLR_B set to NONE
        Info (286033): Parameter OUTDATA_ACLR_B set to NONE
        Info (286033): Parameter ADDRESS_REG_B set to CLOCK1
        Info (286033): Parameter INDATA_ACLR_A set to NONE
        Info (286033): Parameter WRCONTROL_ACLR_A set to NONE
Info (12130): Elaborated megafunction instantiation "DataMemory:dataMem|altsyncram:data_rtl_0"
Info (12133): Instantiated megafunction "DataMemory:dataMem|altsyncram:data_rtl_0" with the following parameter:
    Info (12134): Parameter "OPERATION_MODE" = "DUAL_PORT"
    Info (12134): Parameter "WIDTH_A" = "32"
    Info (12134): Parameter "WIDTHAD_A" = "11"
    Info (12134): Parameter "NUMWORDS_A" = "2048"
    Info (12134): Parameter "WIDTH_B" = "32"
    Info (12134): Parameter "WIDTHAD_B" = "11"
    Info (12134): Parameter "NUMWORDS_B" = "2048"
    Info (12134): Parameter "ADDRESS_ACLR_A" = "NONE"
    Info (12134): Parameter "OUTDATA_REG_B" = "UNREGISTERED"
    Info (12134): Parameter "ADDRESS_ACLR_B" = "NONE"
    Info (12134): Parameter "OUTDATA_ACLR_B" = "NONE"
    Info (12134): Parameter "ADDRESS_REG_B" = "CLOCK1"
    Info (12134): Parameter "INDATA_ACLR_A" = "NONE"
    Info (12134): Parameter "WRCONTROL_ACLR_A" = "NONE"
Info (12021): Found 1 design units, including 1 entities, in source file db/altsyncram_e4d1.tdf
    Info (12023): Found entity 1: altsyncram_e4d1
Info (12021): Found 1 design units, including 1 entities, in source file db/altsyncram_hng1.tdf
    Info (12023): Found entity 1: altsyncram_hng1
Info (17049): 32 registers lost all their fanouts during netlist optimizations.
Info (144001): Generated suppressed messages file C:/Users/j3gb3rt/Documents/CS3220/Project 3/Debug.map.smsg
Info (16010): Generating hard_block partition "hard_block:auto_generated_inst"
    Info (16011): Adding 0 node(s), including 0 DDIO, 0 PLL, 0 transceiver and 0 LCELL
Info (21057): Implemented 2654 device resources after synthesis - the final resource count might be different
    Info (21058): Implemented 15 input pins
    Info (21059): Implemented 46 output pins
    Info (21061): Implemented 2561 logic cells
    Info (21064): Implemented 32 RAM segments
Info: Quartus II 64-Bit Analysis & Synthesis was successful. 0 errors, 5 warnings
    Info: Peak virtual memory: 488 megabytes
    Info: Processing ended: Sat Nov 15 18:18:09 2014
    Info: Elapsed time: 00:00:28
    Info: Total CPU time (on all processors): 00:00:27


+------------------------------------------+
; Analysis & Synthesis Suppressed Messages ;
+------------------------------------------+
The suppressed messages can be found in C:/Users/j3gb3rt/Documents/CS3220/Project 3/Debug.map.smsg.


